mode: set
github.com/arzzra/soft_phone/test_tools/pjsua/client.go:49.85,55.2 1 0
github.com/arzzra/soft_phone/test_tools/pjsua/client.go:58.59,62.17 3 0
github.com/arzzra/soft_phone/test_tools/pjsua/client.go:62.17,64.3 1 0
github.com/arzzra/soft_phone/test_tools/pjsua/client.go:66.2,70.16 4 0
github.com/arzzra/soft_phone/test_tools/pjsua/client.go:70.16,72.3 1 0
github.com/arzzra/soft_phone/test_tools/pjsua/client.go:74.2,84.16 8 0
github.com/arzzra/soft_phone/test_tools/pjsua/client.go:84.16,88.3 3 0
github.com/arzzra/soft_phone/test_tools/pjsua/client.go:90.2,90.12 1 0
github.com/arzzra/soft_phone/test_tools/pjsua/client.go:94.38,98.18 3 0
github.com/arzzra/soft_phone/test_tools/pjsua/client.go:98.18,100.3 1 0
github.com/arzzra/soft_phone/test_tools/pjsua/client.go:102.2,103.19 2 0
github.com/arzzra/soft_phone/test_tools/pjsua/client.go:103.19,105.3 1 0
github.com/arzzra/soft_phone/test_tools/pjsua/client.go:107.2,107.12 1 0
github.com/arzzra/soft_phone/test_tools/pjsua/client.go:111.97,115.18 3 0
github.com/arzzra/soft_phone/test_tools/pjsua/client.go:115.18,117.3 1 0
github.com/arzzra/soft_phone/test_tools/pjsua/client.go:119.2,123.16 3 0
github.com/arzzra/soft_phone/test_tools/pjsua/client.go:123.16,125.3 1 0
github.com/arzzra/soft_phone/test_tools/pjsua/client.go:127.2,128.16 2 0
github.com/arzzra/soft_phone/test_tools/pjsua/client.go:128.16,130.3 1 0
github.com/arzzra/soft_phone/test_tools/pjsua/client.go:133.2,141.8 3 0
github.com/arzzra/soft_phone/test_tools/pjsua/client.go:145.63,149.18 3 0
github.com/arzzra/soft_phone/test_tools/pjsua/client.go:149.18,151.3 1 0
github.com/arzzra/soft_phone/test_tools/pjsua/client.go:153.2,154.16 2 0
github.com/arzzra/soft_phone/test_tools/pjsua/client.go:154.16,156.3 1 0
github.com/arzzra/soft_phone/test_tools/pjsua/client.go:158.2,158.25 1 0
github.com/arzzra/soft_phone/test_tools/pjsua/client.go:162.74,166.18 3 0
github.com/arzzra/soft_phone/test_tools/pjsua/client.go:166.18,168.3 1 0
github.com/arzzra/soft_phone/test_tools/pjsua/client.go:170.2,170.31 1 0
github.com/arzzra/soft_phone/test_tools/pjsua/client.go:174.43,178.2 3 0
github.com/arzzra/soft_phone/test_tools/pjsua/client.go:181.77,186.40 3 0
github.com/arzzra/soft_phone/test_tools/pjsua/client.go:186.40,189.3 2 0
github.com/arzzra/soft_phone/test_tools/pjsua/client.go:191.2,191.19 1 0
github.com/arzzra/soft_phone/test_tools/pjsua/client.go:191.19,192.10 1 0
github.com/arzzra/soft_phone/test_tools/pjsua/client.go:193.21,194.39 1 0
github.com/arzzra/soft_phone/test_tools/pjsua/client.go:195.11,197.18 2 0
github.com/arzzra/soft_phone/test_tools/pjsua/client.go:197.18,198.22 1 0
github.com/arzzra/soft_phone/test_tools/pjsua/client.go:198.22,200.6 1 0
github.com/arzzra/soft_phone/test_tools/pjsua/client.go:201.5,201.34 1 0
github.com/arzzra/soft_phone/test_tools/pjsua/client.go:205.4,206.41 2 0
github.com/arzzra/soft_phone/test_tools/pjsua/client.go:206.41,209.13 2 0
github.com/arzzra/soft_phone/test_tools/pjsua/client.go:212.4,212.30 1 0
github.com/arzzra/soft_phone/test_tools/pjsua/client.go:216.2,216.50 1 0
github.com/arzzra/soft_phone/test_tools/pjsua/client.go:233.98,240.2 2 0
github.com/arzzra/soft_phone/test_tools/pjsua/client.go:243.60,247.17 3 0
github.com/arzzra/soft_phone/test_tools/pjsua/client.go:247.17,249.3 1 0
github.com/arzzra/soft_phone/test_tools/pjsua/client.go:252.2,254.16 3 0
github.com/arzzra/soft_phone/test_tools/pjsua/client.go:254.16,256.3 1 0
github.com/arzzra/soft_phone/test_tools/pjsua/client.go:258.2,259.16 2 0
github.com/arzzra/soft_phone/test_tools/pjsua/client.go:259.16,261.3 1 0
github.com/arzzra/soft_phone/test_tools/pjsua/client.go:263.2,264.16 2 0
github.com/arzzra/soft_phone/test_tools/pjsua/client.go:264.16,266.3 1 0
github.com/arzzra/soft_phone/test_tools/pjsua/client.go:269.2,270.16 2 0
github.com/arzzra/soft_phone/test_tools/pjsua/client.go:270.16,272.3 1 0
github.com/arzzra/soft_phone/test_tools/pjsua/client.go:274.2,279.12 4 0
github.com/arzzra/soft_phone/test_tools/pjsua/client.go:279.12,281.22 2 0
github.com/arzzra/soft_phone/test_tools/pjsua/client.go:281.22,284.4 1 0
github.com/arzzra/soft_phone/test_tools/pjsua/client.go:288.2,292.16 4 0
github.com/arzzra/soft_phone/test_tools/pjsua/client.go:292.16,296.3 3 0
github.com/arzzra/soft_phone/test_tools/pjsua/client.go:298.2,298.12 1 0
github.com/arzzra/soft_phone/test_tools/pjsua/client.go:302.39,306.18 3 0
github.com/arzzra/soft_phone/test_tools/pjsua/client.go:306.18,308.3 1 0
github.com/arzzra/soft_phone/test_tools/pjsua/client.go:310.2,318.12 5 0
github.com/arzzra/soft_phone/test_tools/pjsua/client.go:318.12,320.3 1 0
github.com/arzzra/soft_phone/test_tools/pjsua/client.go:322.2,322.9 1 0
github.com/arzzra/soft_phone/test_tools/pjsua/client.go:323.14,323.14 0 0
github.com/arzzra/soft_phone/test_tools/pjsua/client.go:325.37,328.9 2 0
github.com/arzzra/soft_phone/test_tools/pjsua/client.go:332.2,336.12 4 0
github.com/arzzra/soft_phone/test_tools/pjsua/client.go:340.98,344.18 3 0
github.com/arzzra/soft_phone/test_tools/pjsua/client.go:344.18,346.3 1 0
github.com/arzzra/soft_phone/test_tools/pjsua/client.go:348.2,352.16 3 0
github.com/arzzra/soft_phone/test_tools/pjsua/client.go:352.16,354.3 1 0
github.com/arzzra/soft_phone/test_tools/pjsua/client.go:356.2,357.16 2 0
github.com/arzzra/soft_phone/test_tools/pjsua/client.go:357.16,359.3 1 0
github.com/arzzra/soft_phone/test_tools/pjsua/client.go:362.2,370.8 3 0
github.com/arzzra/soft_phone/test_tools/pjsua/client.go:374.64,378.18 3 0
github.com/arzzra/soft_phone/test_tools/pjsua/client.go:378.18,380.3 1 0
github.com/arzzra/soft_phone/test_tools/pjsua/client.go:382.2,383.16 2 0
github.com/arzzra/soft_phone/test_tools/pjsua/client.go:383.16,385.3 1 0
github.com/arzzra/soft_phone/test_tools/pjsua/client.go:387.2,387.25 1 0
github.com/arzzra/soft_phone/test_tools/pjsua/client.go:391.75,395.18 3 0
github.com/arzzra/soft_phone/test_tools/pjsua/client.go:395.18,397.3 1 0
github.com/arzzra/soft_phone/test_tools/pjsua/client.go:399.2,399.31 1 0
github.com/arzzra/soft_phone/test_tools/pjsua/client.go:403.44,407.2 3 0
github.com/arzzra/soft_phone/test_tools/pjsua/client.go:410.78,414.19 3 0
github.com/arzzra/soft_phone/test_tools/pjsua/client.go:414.19,415.10 1 0
github.com/arzzra/soft_phone/test_tools/pjsua/client.go:416.21,417.39 1 0
github.com/arzzra/soft_phone/test_tools/pjsua/client.go:418.11,423.14 3 0
github.com/arzzra/soft_phone/test_tools/pjsua/client.go:423.14,425.19 2 0
github.com/arzzra/soft_phone/test_tools/pjsua/client.go:425.19,428.6 2 0
github.com/arzzra/soft_phone/test_tools/pjsua/client.go:429.5,429.19 1 0
github.com/arzzra/soft_phone/test_tools/pjsua/client.go:432.4,432.11 1 0
github.com/arzzra/soft_phone/test_tools/pjsua/client.go:433.22,434.40 1 0
github.com/arzzra/soft_phone/test_tools/pjsua/client.go:435.24,436.34 1 0
github.com/arzzra/soft_phone/test_tools/pjsua/client.go:437.26,440.42 2 0
github.com/arzzra/soft_phone/test_tools/pjsua/client.go:440.42,442.14 2 0
github.com/arzzra/soft_phone/test_tools/pjsua/client.go:444.5,444.31 1 0
github.com/arzzra/soft_phone/test_tools/pjsua/client.go:449.2,449.50 1 0
github.com/arzzra/soft_phone/test_tools/pjsua/commands.go:438.47,440.35 1 1
github.com/arzzra/soft_phone/test_tools/pjsua/commands.go:440.35,442.3 1 1
github.com/arzzra/soft_phone/test_tools/pjsua/commands.go:445.2,445.31 1 1
github.com/arzzra/soft_phone/test_tools/pjsua/commands.go:445.31,446.37 1 1
github.com/arzzra/soft_phone/test_tools/pjsua/commands.go:446.37,447.21 1 1
github.com/arzzra/soft_phone/test_tools/pjsua/commands.go:447.21,449.5 1 1
github.com/arzzra/soft_phone/test_tools/pjsua/commands.go:453.2,453.19 1 1
github.com/arzzra/soft_phone/test_tools/pjsua/commands.go:457.60,458.20 1 1
github.com/arzzra/soft_phone/test_tools/pjsua/commands.go:458.20,460.3 1 1
github.com/arzzra/soft_phone/test_tools/pjsua/commands.go:462.2,463.27 2 1
github.com/arzzra/soft_phone/test_tools/pjsua/commands.go:463.27,465.3 1 1
github.com/arzzra/soft_phone/test_tools/pjsua/commands.go:467.2,467.62 1 1
github.com/arzzra/soft_phone/test_tools/pjsua/commands.go:471.55,473.21 2 1
github.com/arzzra/soft_phone/test_tools/pjsua/commands.go:473.21,475.3 1 0
github.com/arzzra/soft_phone/test_tools/pjsua/commands.go:477.2,477.28 1 1
github.com/arzzra/soft_phone/test_tools/pjsua/commands.go:481.40,482.35 1 0
github.com/arzzra/soft_phone/test_tools/pjsua/commands.go:482.35,484.3 1 0
github.com/arzzra/soft_phone/test_tools/pjsua/commands.go:485.2,485.12 1 0
github.com/arzzra/soft_phone/test_tools/pjsua/parser.go:26.26,55.2 1 1
github.com/arzzra/soft_phone/test_tools/pjsua/parser.go:58.61,62.29 3 1
github.com/arzzra/soft_phone/test_tools/pjsua/parser.go:62.29,64.17 2 1
github.com/arzzra/soft_phone/test_tools/pjsua/parser.go:64.17,65.12 1 0
github.com/arzzra/soft_phone/test_tools/pjsua/parser.go:68.3,69.42 2 1
github.com/arzzra/soft_phone/test_tools/pjsua/parser.go:69.42,77.44 3 1
github.com/arzzra/soft_phone/test_tools/pjsua/parser.go:77.44,79.5 1 1
github.com/arzzra/soft_phone/test_tools/pjsua/parser.go:82.4,82.80 1 1
github.com/arzzra/soft_phone/test_tools/pjsua/parser.go:82.80,84.5 1 1
github.com/arzzra/soft_phone/test_tools/pjsua/parser.go:84.10,86.5 1 1
github.com/arzzra/soft_phone/test_tools/pjsua/parser.go:88.4,88.31 1 1
github.com/arzzra/soft_phone/test_tools/pjsua/parser.go:92.2,92.19 1 1
github.com/arzzra/soft_phone/test_tools/pjsua/parser.go:96.67,100.29 3 1
github.com/arzzra/soft_phone/test_tools/pjsua/parser.go:100.29,102.17 2 1
github.com/arzzra/soft_phone/test_tools/pjsua/parser.go:102.17,103.12 1 0
github.com/arzzra/soft_phone/test_tools/pjsua/parser.go:106.3,107.42 2 1
github.com/arzzra/soft_phone/test_tools/pjsua/parser.go:107.42,116.42 3 1
github.com/arzzra/soft_phone/test_tools/pjsua/parser.go:116.42,117.88 1 1
github.com/arzzra/soft_phone/test_tools/pjsua/parser.go:117.88,119.6 1 1
github.com/arzzra/soft_phone/test_tools/pjsua/parser.go:122.4,122.36 1 1
github.com/arzzra/soft_phone/test_tools/pjsua/parser.go:126.2,126.22 1 1
github.com/arzzra/soft_phone/test_tools/pjsua/parser.go:130.70,134.29 3 0
github.com/arzzra/soft_phone/test_tools/pjsua/parser.go:134.29,136.17 2 0
github.com/arzzra/soft_phone/test_tools/pjsua/parser.go:136.17,137.12 1 0
github.com/arzzra/soft_phone/test_tools/pjsua/parser.go:140.3,141.42 2 0
github.com/arzzra/soft_phone/test_tools/pjsua/parser.go:141.42,149.24 3 0
github.com/arzzra/soft_phone/test_tools/pjsua/parser.go:149.24,151.5 1 0
github.com/arzzra/soft_phone/test_tools/pjsua/parser.go:154.4,156.36 2 0
github.com/arzzra/soft_phone/test_tools/pjsua/parser.go:160.2,160.21 1 0
github.com/arzzra/soft_phone/test_tools/pjsua/parser.go:164.75,168.29 3 1
github.com/arzzra/soft_phone/test_tools/pjsua/parser.go:168.29,170.17 2 1
github.com/arzzra/soft_phone/test_tools/pjsua/parser.go:170.17,171.12 1 0
github.com/arzzra/soft_phone/test_tools/pjsua/parser.go:174.3,175.42 2 1
github.com/arzzra/soft_phone/test_tools/pjsua/parser.go:175.42,190.4 5 1
github.com/arzzra/soft_phone/test_tools/pjsua/parser.go:193.2,193.21 1 1
github.com/arzzra/soft_phone/test_tools/pjsua/parser.go:197.81,201.29 3 0
github.com/arzzra/soft_phone/test_tools/pjsua/parser.go:201.29,203.17 2 0
github.com/arzzra/soft_phone/test_tools/pjsua/parser.go:203.17,204.12 1 0
github.com/arzzra/soft_phone/test_tools/pjsua/parser.go:207.3,208.42 2 0
github.com/arzzra/soft_phone/test_tools/pjsua/parser.go:208.42,222.78 5 0
github.com/arzzra/soft_phone/test_tools/pjsua/parser.go:222.78,224.54 2 0
github.com/arzzra/soft_phone/test_tools/pjsua/parser.go:224.54,226.38 2 0
github.com/arzzra/soft_phone/test_tools/pjsua/parser.go:226.38,227.56 1 0
github.com/arzzra/soft_phone/test_tools/pjsua/parser.go:227.56,229.8 1 0
github.com/arzzra/soft_phone/test_tools/pjsua/parser.go:234.4,234.31 1 0
github.com/arzzra/soft_phone/test_tools/pjsua/parser.go:238.2,238.19 1 0
github.com/arzzra/soft_phone/test_tools/pjsua/parser.go:242.67,246.29 3 1
github.com/arzzra/soft_phone/test_tools/pjsua/parser.go:246.29,248.17 2 1
github.com/arzzra/soft_phone/test_tools/pjsua/parser.go:248.17,249.12 1 0
github.com/arzzra/soft_phone/test_tools/pjsua/parser.go:252.3,253.42 2 1
github.com/arzzra/soft_phone/test_tools/pjsua/parser.go:253.42,269.4 6 1
github.com/arzzra/soft_phone/test_tools/pjsua/parser.go:272.2,272.20 1 1
github.com/arzzra/soft_phone/test_tools/pjsua/parser.go:276.78,282.32 4 0
github.com/arzzra/soft_phone/test_tools/pjsua/parser.go:282.32,283.22 1 0
github.com/arzzra/soft_phone/test_tools/pjsua/parser.go:283.22,285.4 1 0
github.com/arzzra/soft_phone/test_tools/pjsua/parser.go:289.2,289.44 1 0
github.com/arzzra/soft_phone/test_tools/pjsua/parser.go:289.44,290.52 1 0
github.com/arzzra/soft_phone/test_tools/pjsua/parser.go:290.52,292.4 1 0
github.com/arzzra/soft_phone/test_tools/pjsua/parser.go:296.2,296.42 1 0
github.com/arzzra/soft_phone/test_tools/pjsua/parser.go:296.42,298.3 1 0
github.com/arzzra/soft_phone/test_tools/pjsua/parser.go:299.2,299.42 1 0
github.com/arzzra/soft_phone/test_tools/pjsua/parser.go:299.42,301.3 1 0
github.com/arzzra/soft_phone/test_tools/pjsua/parser.go:304.2,304.40 1 0
github.com/arzzra/soft_phone/test_tools/pjsua/parser.go:304.40,306.3 1 0
github.com/arzzra/soft_phone/test_tools/pjsua/parser.go:307.2,307.40 1 0
github.com/arzzra/soft_phone/test_tools/pjsua/parser.go:307.40,309.3 1 0
github.com/arzzra/soft_phone/test_tools/pjsua/parser.go:312.2,312.39 1 0
github.com/arzzra/soft_phone/test_tools/pjsua/parser.go:312.39,314.3 1 0
github.com/arzzra/soft_phone/test_tools/pjsua/parser.go:315.2,315.39 1 0
github.com/arzzra/soft_phone/test_tools/pjsua/parser.go:315.39,317.3 1 0
github.com/arzzra/soft_phone/test_tools/pjsua/parser.go:320.2,320.41 1 0
github.com/arzzra/soft_phone/test_tools/pjsua/parser.go:320.41,322.3 1 0
github.com/arzzra/soft_phone/test_tools/pjsua/parser.go:323.2,323.41 1 0
github.com/arzzra/soft_phone/test_tools/pjsua/parser.go:323.41,325.3 1 0
github.com/arzzra/soft_phone/test_tools/pjsua/parser.go:328.2,328.39 1 0
github.com/arzzra/soft_phone/test_tools/pjsua/parser.go:328.39,329.52 1 0
github.com/arzzra/soft_phone/test_tools/pjsua/parser.go:329.52,331.4 1 0
github.com/arzzra/soft_phone/test_tools/pjsua/parser.go:335.2,335.36 1 0
github.com/arzzra/soft_phone/test_tools/pjsua/parser.go:335.36,337.3 1 0
github.com/arzzra/soft_phone/test_tools/pjsua/parser.go:339.2,339.19 1 0
github.com/arzzra/soft_phone/test_tools/pjsua/parser.go:343.75,349.29 4 0
github.com/arzzra/soft_phone/test_tools/pjsua/parser.go:349.29,351.17 2 0
github.com/arzzra/soft_phone/test_tools/pjsua/parser.go:351.17,352.12 1 0
github.com/arzzra/soft_phone/test_tools/pjsua/parser.go:355.3,356.42 2 0
github.com/arzzra/soft_phone/test_tools/pjsua/parser.go:356.42,357.28 1 0
github.com/arzzra/soft_phone/test_tools/pjsua/parser.go:357.28,359.5 1 0
github.com/arzzra/soft_phone/test_tools/pjsua/parser.go:361.4,368.5 2 0
github.com/arzzra/soft_phone/test_tools/pjsua/parser.go:369.9,369.65 1 0
github.com/arzzra/soft_phone/test_tools/pjsua/parser.go:369.65,372.80 2 0
github.com/arzzra/soft_phone/test_tools/pjsua/parser.go:372.80,384.39 5 0
github.com/arzzra/soft_phone/test_tools/pjsua/parser.go:384.39,386.6 1 0
github.com/arzzra/soft_phone/test_tools/pjsua/parser.go:386.11,386.46 1 0
github.com/arzzra/soft_phone/test_tools/pjsua/parser.go:386.46,388.6 1 0
github.com/arzzra/soft_phone/test_tools/pjsua/parser.go:390.5,390.66 1 0
github.com/arzzra/soft_phone/test_tools/pjsua/parser.go:395.2,395.26 1 0
github.com/arzzra/soft_phone/test_tools/pjsua/parser.go:395.26,397.3 1 0
github.com/arzzra/soft_phone/test_tools/pjsua/parser.go:399.2,399.21 1 0
github.com/arzzra/soft_phone/test_tools/pjsua/parser.go:403.75,407.29 3 0
github.com/arzzra/soft_phone/test_tools/pjsua/parser.go:407.29,409.17 2 0
github.com/arzzra/soft_phone/test_tools/pjsua/parser.go:409.17,410.12 1 0
github.com/arzzra/soft_phone/test_tools/pjsua/parser.go:413.3,414.42 2 0
github.com/arzzra/soft_phone/test_tools/pjsua/parser.go:414.42,427.71 5 0
github.com/arzzra/soft_phone/test_tools/pjsua/parser.go:427.71,431.5 3 0
github.com/arzzra/soft_phone/test_tools/pjsua/parser.go:434.4,435.74 2 0
github.com/arzzra/soft_phone/test_tools/pjsua/parser.go:435.74,439.5 3 0
github.com/arzzra/soft_phone/test_tools/pjsua/parser.go:441.4,441.37 1 0
github.com/arzzra/soft_phone/test_tools/pjsua/parser.go:445.2,445.21 1 0
github.com/arzzra/soft_phone/test_tools/pjsua/parser.go:449.60,455.52 2 0
github.com/arzzra/soft_phone/test_tools/pjsua/parser.go:455.52,460.67 3 0
github.com/arzzra/soft_phone/test_tools/pjsua/parser.go:460.67,465.4 1 0
github.com/arzzra/soft_phone/test_tools/pjsua/parser.go:466.3,466.20 1 0
github.com/arzzra/soft_phone/test_tools/pjsua/parser.go:470.2,470.83 1 0
github.com/arzzra/soft_phone/test_tools/pjsua/parser.go:470.83,474.68 3 0
github.com/arzzra/soft_phone/test_tools/pjsua/parser.go:474.68,481.4 2 0
github.com/arzzra/soft_phone/test_tools/pjsua/parser.go:482.3,482.20 1 0
github.com/arzzra/soft_phone/test_tools/pjsua/parser.go:486.2,486.92 1 0
github.com/arzzra/soft_phone/test_tools/pjsua/parser.go:486.92,490.66 3 0
github.com/arzzra/soft_phone/test_tools/pjsua/parser.go:490.66,495.47 4 0
github.com/arzzra/soft_phone/test_tools/pjsua/parser.go:495.47,497.5 1 0
github.com/arzzra/soft_phone/test_tools/pjsua/parser.go:497.10,497.61 1 0
github.com/arzzra/soft_phone/test_tools/pjsua/parser.go:497.61,499.5 1 0
github.com/arzzra/soft_phone/test_tools/pjsua/parser.go:499.10,501.5 1 0
github.com/arzzra/soft_phone/test_tools/pjsua/parser.go:503.4,508.5 1 0
github.com/arzzra/soft_phone/test_tools/pjsua/parser.go:510.3,510.20 1 0
github.com/arzzra/soft_phone/test_tools/pjsua/parser.go:514.2,514.46 1 0
github.com/arzzra/soft_phone/test_tools/pjsua/parser.go:514.46,518.65 3 0
github.com/arzzra/soft_phone/test_tools/pjsua/parser.go:518.65,523.4 1 0
github.com/arzzra/soft_phone/test_tools/pjsua/parser.go:524.3,524.20 1 0
github.com/arzzra/soft_phone/test_tools/pjsua/parser.go:527.2,527.73 1 0
github.com/arzzra/soft_phone/test_tools/pjsua/parser.go:532.53,534.30 1 0
github.com/arzzra/soft_phone/test_tools/pjsua/parser.go:534.30,536.22 2 0
github.com/arzzra/soft_phone/test_tools/pjsua/parser.go:536.22,541.4 4 0
github.com/arzzra/soft_phone/test_tools/pjsua/parser.go:543.2,543.30 1 0
github.com/arzzra/soft_phone/test_tools/pjsua/parser.go:546.49,550.2 3 0
github.com/arzzra/soft_phone/test_tools/pjsua/parser.go:552.44,555.2 2 0
github.com/arzzra/soft_phone/test_tools/pjsua/pjsua.go:79.47,81.29 1 0
github.com/arzzra/soft_phone/test_tools/pjsua/pjsua.go:81.29,83.3 1 0
github.com/arzzra/soft_phone/test_tools/pjsua/pjsua.go:84.2,84.28 1 0
github.com/arzzra/soft_phone/test_tools/pjsua/pjsua.go:84.28,86.3 1 0
github.com/arzzra/soft_phone/test_tools/pjsua/pjsua.go:87.2,87.32 1 0
github.com/arzzra/soft_phone/test_tools/pjsua/pjsua.go:87.32,89.3 1 0
github.com/arzzra/soft_phone/test_tools/pjsua/pjsua.go:90.2,90.32 1 0
github.com/arzzra/soft_phone/test_tools/pjsua/pjsua.go:90.32,92.3 1 0
github.com/arzzra/soft_phone/test_tools/pjsua/pjsua.go:93.2,93.33 1 0
github.com/arzzra/soft_phone/test_tools/pjsua/pjsua.go:93.33,95.3 1 0
github.com/arzzra/soft_phone/test_tools/pjsua/pjsua.go:97.2,109.47 2 0
github.com/arzzra/soft_phone/test_tools/pjsua/pjsua.go:109.47,110.49 1 0
github.com/arzzra/soft_phone/test_tools/pjsua/pjsua.go:110.49,112.4 1 0
github.com/arzzra/soft_phone/test_tools/pjsua/pjsua.go:116.2,117.31 2 0
github.com/arzzra/soft_phone/test_tools/pjsua/pjsua.go:118.24,119.88 1 0
github.com/arzzra/soft_phone/test_tools/pjsua/pjsua.go:120.25,123.76 2 0
github.com/arzzra/soft_phone/test_tools/pjsua/pjsua.go:124.10,125.79 1 0
github.com/arzzra/soft_phone/test_tools/pjsua/pjsua.go:128.2,134.44 4 0
github.com/arzzra/soft_phone/test_tools/pjsua/pjsua.go:134.44,135.32 1 0
github.com/arzzra/soft_phone/test_tools/pjsua/pjsua.go:135.32,137.4 1 0
github.com/arzzra/soft_phone/test_tools/pjsua/pjsua.go:138.3,138.64 1 0
github.com/arzzra/soft_phone/test_tools/pjsua/pjsua.go:142.2,147.24 3 0
github.com/arzzra/soft_phone/test_tools/pjsua/pjsua.go:151.36,157.21 3 0
github.com/arzzra/soft_phone/test_tools/pjsua/pjsua.go:157.21,159.3 1 0
github.com/arzzra/soft_phone/test_tools/pjsua/pjsua.go:162.2,162.22 1 0
github.com/arzzra/soft_phone/test_tools/pjsua/pjsua.go:162.22,167.13 3 0
github.com/arzzra/soft_phone/test_tools/pjsua/pjsua.go:167.13,169.4 1 0
github.com/arzzra/soft_phone/test_tools/pjsua/pjsua.go:171.3,171.10 1 0
github.com/arzzra/soft_phone/test_tools/pjsua/pjsua.go:172.15,172.15 0 0
github.com/arzzra/soft_phone/test_tools/pjsua/pjsua.go:174.38,177.10 2 0
github.com/arzzra/soft_phone/test_tools/pjsua/pjsua.go:181.2,181.12 1 0
github.com/arzzra/soft_phone/test_tools/pjsua/pjsua.go:185.41,194.27 5 0
github.com/arzzra/soft_phone/test_tools/pjsua/pjsua.go:194.27,195.33 1 0
github.com/arzzra/soft_phone/test_tools/pjsua/pjsua.go:195.33,197.4 1 0
github.com/arzzra/soft_phone/test_tools/pjsua/pjsua.go:198.3,198.32 1 0
github.com/arzzra/soft_phone/test_tools/pjsua/pjsua.go:198.32,200.4 1 0
github.com/arzzra/soft_phone/test_tools/pjsua/pjsua.go:204.2,204.25 1 0
github.com/arzzra/soft_phone/test_tools/pjsua/pjsua.go:204.25,206.3 1 0
github.com/arzzra/soft_phone/test_tools/pjsua/pjsua.go:207.2,207.24 1 0
github.com/arzzra/soft_phone/test_tools/pjsua/pjsua.go:207.24,209.3 1 0
github.com/arzzra/soft_phone/test_tools/pjsua/pjsua.go:211.2,217.19 4 0
github.com/arzzra/soft_phone/test_tools/pjsua/pjsua.go:217.19,219.17 2 0
github.com/arzzra/soft_phone/test_tools/pjsua/pjsua.go:219.17,221.4 1 0
github.com/arzzra/soft_phone/test_tools/pjsua/pjsua.go:222.3,223.19 2 0
github.com/arzzra/soft_phone/test_tools/pjsua/pjsua.go:226.2,226.36 1 0
github.com/arzzra/soft_phone/test_tools/pjsua/pjsua.go:226.36,228.3 1 0
github.com/arzzra/soft_phone/test_tools/pjsua/pjsua.go:230.2,235.12 3 0
github.com/arzzra/soft_phone/test_tools/pjsua/pjsua.go:239.48,244.27 3 0
github.com/arzzra/soft_phone/test_tools/pjsua/pjsua.go:244.27,246.3 1 0
github.com/arzzra/soft_phone/test_tools/pjsua/pjsua.go:249.2,249.24 1 0
github.com/arzzra/soft_phone/test_tools/pjsua/pjsua.go:249.24,251.3 1 0
github.com/arzzra/soft_phone/test_tools/pjsua/pjsua.go:252.2,252.23 1 0
github.com/arzzra/soft_phone/test_tools/pjsua/pjsua.go:252.23,254.3 1 0
github.com/arzzra/soft_phone/test_tools/pjsua/pjsua.go:255.2,255.26 1 0
github.com/arzzra/soft_phone/test_tools/pjsua/pjsua.go:255.26,257.3 1 0
github.com/arzzra/soft_phone/test_tools/pjsua/pjsua.go:258.2,258.20 1 0
github.com/arzzra/soft_phone/test_tools/pjsua/pjsua.go:258.20,260.3 1 0
github.com/arzzra/soft_phone/test_tools/pjsua/pjsua.go:261.2,261.18 1 0
github.com/arzzra/soft_phone/test_tools/pjsua/pjsua.go:261.18,263.3 1 0
github.com/arzzra/soft_phone/test_tools/pjsua/pjsua.go:264.2,264.18 1 0
github.com/arzzra/soft_phone/test_tools/pjsua/pjsua.go:264.18,266.3 1 0
github.com/arzzra/soft_phone/test_tools/pjsua/pjsua.go:267.2,267.19 1 0
github.com/arzzra/soft_phone/test_tools/pjsua/pjsua.go:267.19,269.3 1 0
github.com/arzzra/soft_phone/test_tools/pjsua/pjsua.go:272.2,272.26 1 0
github.com/arzzra/soft_phone/test_tools/pjsua/pjsua.go:272.26,274.3 1 0
github.com/arzzra/soft_phone/test_tools/pjsua/pjsua.go:275.2,275.19 1 0
github.com/arzzra/soft_phone/test_tools/pjsua/pjsua.go:275.19,277.3 1 0
github.com/arzzra/soft_phone/test_tools/pjsua/pjsua.go:278.2,278.22 1 0
github.com/arzzra/soft_phone/test_tools/pjsua/pjsua.go:278.22,280.3 1 0
github.com/arzzra/soft_phone/test_tools/pjsua/pjsua.go:281.2,281.25 1 0
github.com/arzzra/soft_phone/test_tools/pjsua/pjsua.go:281.25,283.3 1 0
github.com/arzzra/soft_phone/test_tools/pjsua/pjsua.go:284.2,284.25 1 0
github.com/arzzra/soft_phone/test_tools/pjsua/pjsua.go:284.25,286.3 1 0
github.com/arzzra/soft_phone/test_tools/pjsua/pjsua.go:287.2,287.24 1 0
github.com/arzzra/soft_phone/test_tools/pjsua/pjsua.go:287.24,289.3 1 0
github.com/arzzra/soft_phone/test_tools/pjsua/pjsua.go:290.2,290.30 1 0
github.com/arzzra/soft_phone/test_tools/pjsua/pjsua.go:290.30,292.3 1 0
github.com/arzzra/soft_phone/test_tools/pjsua/pjsua.go:293.2,293.33 1 0
github.com/arzzra/soft_phone/test_tools/pjsua/pjsua.go:293.33,295.3 1 0
github.com/arzzra/soft_phone/test_tools/pjsua/pjsua.go:296.2,296.35 1 0
github.com/arzzra/soft_phone/test_tools/pjsua/pjsua.go:296.35,298.3 1 0
github.com/arzzra/soft_phone/test_tools/pjsua/pjsua.go:299.2,299.25 1 0
github.com/arzzra/soft_phone/test_tools/pjsua/pjsua.go:299.25,301.3 1 0
github.com/arzzra/soft_phone/test_tools/pjsua/pjsua.go:302.2,302.25 1 0
github.com/arzzra/soft_phone/test_tools/pjsua/pjsua.go:302.25,304.3 1 0
github.com/arzzra/soft_phone/test_tools/pjsua/pjsua.go:305.2,305.27 1 0
github.com/arzzra/soft_phone/test_tools/pjsua/pjsua.go:305.27,307.3 1 0
github.com/arzzra/soft_phone/test_tools/pjsua/pjsua.go:308.2,308.18 1 0
github.com/arzzra/soft_phone/test_tools/pjsua/pjsua.go:308.18,310.3 1 0
github.com/arzzra/soft_phone/test_tools/pjsua/pjsua.go:311.2,311.14 1 0
github.com/arzzra/soft_phone/test_tools/pjsua/pjsua.go:311.14,313.3 1 0
github.com/arzzra/soft_phone/test_tools/pjsua/pjsua.go:314.2,314.17 1 0
github.com/arzzra/soft_phone/test_tools/pjsua/pjsua.go:314.17,316.3 1 0
github.com/arzzra/soft_phone/test_tools/pjsua/pjsua.go:317.2,317.22 1 0
github.com/arzzra/soft_phone/test_tools/pjsua/pjsua.go:317.22,319.3 1 0
github.com/arzzra/soft_phone/test_tools/pjsua/pjsua.go:320.2,320.25 1 0
github.com/arzzra/soft_phone/test_tools/pjsua/pjsua.go:320.25,322.3 1 0
github.com/arzzra/soft_phone/test_tools/pjsua/pjsua.go:323.2,323.20 1 0
github.com/arzzra/soft_phone/test_tools/pjsua/pjsua.go:323.20,325.3 1 0
github.com/arzzra/soft_phone/test_tools/pjsua/pjsua.go:326.2,326.24 1 0
github.com/arzzra/soft_phone/test_tools/pjsua/pjsua.go:326.24,328.3 1 0
github.com/arzzra/soft_phone/test_tools/pjsua/pjsua.go:329.2,329.22 1 0
github.com/arzzra/soft_phone/test_tools/pjsua/pjsua.go:329.22,331.3 1 0
github.com/arzzra/soft_phone/test_tools/pjsua/pjsua.go:332.2,332.25 1 0
github.com/arzzra/soft_phone/test_tools/pjsua/pjsua.go:332.25,334.3 1 0
github.com/arzzra/soft_phone/test_tools/pjsua/pjsua.go:335.2,335.24 1 0
github.com/arzzra/soft_phone/test_tools/pjsua/pjsua.go:335.24,337.3 1 0
github.com/arzzra/soft_phone/test_tools/pjsua/pjsua.go:338.2,338.29 1 0
github.com/arzzra/soft_phone/test_tools/pjsua/pjsua.go:338.29,340.3 1 0
github.com/arzzra/soft_phone/test_tools/pjsua/pjsua.go:341.2,341.22 1 0
github.com/arzzra/soft_phone/test_tools/pjsua/pjsua.go:341.22,343.3 1 0
github.com/arzzra/soft_phone/test_tools/pjsua/pjsua.go:346.2,346.46 1 0
github.com/arzzra/soft_phone/test_tools/pjsua/pjsua.go:346.46,348.26 2 0
github.com/arzzra/soft_phone/test_tools/pjsua/pjsua.go:348.26,350.4 1 0
github.com/arzzra/soft_phone/test_tools/pjsua/pjsua.go:351.3,351.19 1 0
github.com/arzzra/soft_phone/test_tools/pjsua/pjsua.go:351.19,353.4 1 0
github.com/arzzra/soft_phone/test_tools/pjsua/pjsua.go:354.3,354.22 1 0
github.com/arzzra/soft_phone/test_tools/pjsua/pjsua.go:354.22,356.4 1 0
github.com/arzzra/soft_phone/test_tools/pjsua/pjsua.go:357.3,357.25 1 0
github.com/arzzra/soft_phone/test_tools/pjsua/pjsua.go:357.25,359.4 1 0
github.com/arzzra/soft_phone/test_tools/pjsua/pjsua.go:360.3,360.25 1 0
github.com/arzzra/soft_phone/test_tools/pjsua/pjsua.go:360.25,362.4 1 0
github.com/arzzra/soft_phone/test_tools/pjsua/pjsua.go:363.3,363.35 1 0
github.com/arzzra/soft_phone/test_tools/pjsua/pjsua.go:363.35,365.4 1 0
github.com/arzzra/soft_phone/test_tools/pjsua/pjsua.go:369.2,369.17 1 0
github.com/arzzra/soft_phone/test_tools/pjsua/pjsua.go:369.17,371.3 1 0
github.com/arzzra/soft_phone/test_tools/pjsua/pjsua.go:372.2,372.16 1 0
github.com/arzzra/soft_phone/test_tools/pjsua/pjsua.go:372.16,374.3 1 0
github.com/arzzra/soft_phone/test_tools/pjsua/pjsua.go:375.2,375.24 1 0
github.com/arzzra/soft_phone/test_tools/pjsua/pjsua.go:375.24,377.3 1 0
github.com/arzzra/soft_phone/test_tools/pjsua/pjsua.go:378.2,378.23 1 0
github.com/arzzra/soft_phone/test_tools/pjsua/pjsua.go:378.23,380.3 1 0
github.com/arzzra/soft_phone/test_tools/pjsua/pjsua.go:381.2,381.26 1 0
github.com/arzzra/soft_phone/test_tools/pjsua/pjsua.go:381.26,383.3 1 0
github.com/arzzra/soft_phone/test_tools/pjsua/pjsua.go:384.2,384.16 1 0
github.com/arzzra/soft_phone/test_tools/pjsua/pjsua.go:384.16,386.3 1 0
github.com/arzzra/soft_phone/test_tools/pjsua/pjsua.go:387.2,387.16 1 0
github.com/arzzra/soft_phone/test_tools/pjsua/pjsua.go:387.16,389.3 1 0
github.com/arzzra/soft_phone/test_tools/pjsua/pjsua.go:390.2,390.37 1 0
github.com/arzzra/soft_phone/test_tools/pjsua/pjsua.go:390.37,392.3 1 0
github.com/arzzra/soft_phone/test_tools/pjsua/pjsua.go:393.2,393.35 1 0
github.com/arzzra/soft_phone/test_tools/pjsua/pjsua.go:393.35,395.3 1 0
github.com/arzzra/soft_phone/test_tools/pjsua/pjsua.go:396.2,396.40 1 0
github.com/arzzra/soft_phone/test_tools/pjsua/pjsua.go:396.40,398.3 1 0
github.com/arzzra/soft_phone/test_tools/pjsua/pjsua.go:399.2,399.21 1 0
github.com/arzzra/soft_phone/test_tools/pjsua/pjsua.go:399.21,401.3 1 0
github.com/arzzra/soft_phone/test_tools/pjsua/pjsua.go:404.2,404.17 1 0
github.com/arzzra/soft_phone/test_tools/pjsua/pjsua.go:404.17,406.3 1 0
github.com/arzzra/soft_phone/test_tools/pjsua/pjsua.go:407.2,407.26 1 0
github.com/arzzra/soft_phone/test_tools/pjsua/pjsua.go:407.26,409.3 1 0
github.com/arzzra/soft_phone/test_tools/pjsua/pjsua.go:410.2,410.28 1 0
github.com/arzzra/soft_phone/test_tools/pjsua/pjsua.go:410.28,412.3 1 0
github.com/arzzra/soft_phone/test_tools/pjsua/pjsua.go:413.2,413.31 1 0
github.com/arzzra/soft_phone/test_tools/pjsua/pjsua.go:413.31,415.3 1 0
github.com/arzzra/soft_phone/test_tools/pjsua/pjsua.go:416.2,416.28 1 0
github.com/arzzra/soft_phone/test_tools/pjsua/pjsua.go:416.28,418.3 1 0
github.com/arzzra/soft_phone/test_tools/pjsua/pjsua.go:419.2,419.26 1 0
github.com/arzzra/soft_phone/test_tools/pjsua/pjsua.go:419.26,421.3 1 0
github.com/arzzra/soft_phone/test_tools/pjsua/pjsua.go:422.2,422.26 1 0
github.com/arzzra/soft_phone/test_tools/pjsua/pjsua.go:422.26,424.3 1 0
github.com/arzzra/soft_phone/test_tools/pjsua/pjsua.go:425.2,425.28 1 0
github.com/arzzra/soft_phone/test_tools/pjsua/pjsua.go:425.28,427.3 1 0
github.com/arzzra/soft_phone/test_tools/pjsua/pjsua.go:428.2,428.40 1 0
github.com/arzzra/soft_phone/test_tools/pjsua/pjsua.go:428.40,430.3 1 0
github.com/arzzra/soft_phone/test_tools/pjsua/pjsua.go:433.2,433.38 1 0
github.com/arzzra/soft_phone/test_tools/pjsua/pjsua.go:433.38,435.3 1 0
github.com/arzzra/soft_phone/test_tools/pjsua/pjsua.go:436.2,436.38 1 0
github.com/arzzra/soft_phone/test_tools/pjsua/pjsua.go:436.38,438.3 1 0
github.com/arzzra/soft_phone/test_tools/pjsua/pjsua.go:439.2,439.24 1 0
github.com/arzzra/soft_phone/test_tools/pjsua/pjsua.go:439.24,441.3 1 0
github.com/arzzra/soft_phone/test_tools/pjsua/pjsua.go:442.2,442.27 1 0
github.com/arzzra/soft_phone/test_tools/pjsua/pjsua.go:442.27,444.3 1 0
github.com/arzzra/soft_phone/test_tools/pjsua/pjsua.go:445.2,445.17 1 0
github.com/arzzra/soft_phone/test_tools/pjsua/pjsua.go:445.17,447.3 1 0
github.com/arzzra/soft_phone/test_tools/pjsua/pjsua.go:448.2,448.20 1 0
github.com/arzzra/soft_phone/test_tools/pjsua/pjsua.go:448.20,450.3 1 0
github.com/arzzra/soft_phone/test_tools/pjsua/pjsua.go:451.2,451.37 1 0
github.com/arzzra/soft_phone/test_tools/pjsua/pjsua.go:451.37,453.3 1 0
github.com/arzzra/soft_phone/test_tools/pjsua/pjsua.go:454.2,454.37 1 0
github.com/arzzra/soft_phone/test_tools/pjsua/pjsua.go:454.37,456.3 1 0
github.com/arzzra/soft_phone/test_tools/pjsua/pjsua.go:457.2,457.19 1 0
github.com/arzzra/soft_phone/test_tools/pjsua/pjsua.go:457.19,459.3 1 0
github.com/arzzra/soft_phone/test_tools/pjsua/pjsua.go:460.2,460.25 1 0
github.com/arzzra/soft_phone/test_tools/pjsua/pjsua.go:460.25,462.3 1 0
github.com/arzzra/soft_phone/test_tools/pjsua/pjsua.go:463.2,463.19 1 0
github.com/arzzra/soft_phone/test_tools/pjsua/pjsua.go:463.19,465.3 1 0
github.com/arzzra/soft_phone/test_tools/pjsua/pjsua.go:466.2,466.19 1 0
github.com/arzzra/soft_phone/test_tools/pjsua/pjsua.go:466.19,468.3 1 0
github.com/arzzra/soft_phone/test_tools/pjsua/pjsua.go:469.2,469.24 1 0
github.com/arzzra/soft_phone/test_tools/pjsua/pjsua.go:469.24,471.3 1 0
github.com/arzzra/soft_phone/test_tools/pjsua/pjsua.go:472.2,472.18 1 0
github.com/arzzra/soft_phone/test_tools/pjsua/pjsua.go:472.18,474.3 1 0
github.com/arzzra/soft_phone/test_tools/pjsua/pjsua.go:475.2,475.22 1 0
github.com/arzzra/soft_phone/test_tools/pjsua/pjsua.go:475.22,477.3 1 0
github.com/arzzra/soft_phone/test_tools/pjsua/pjsua.go:478.2,478.20 1 0
github.com/arzzra/soft_phone/test_tools/pjsua/pjsua.go:478.20,480.3 1 0
github.com/arzzra/soft_phone/test_tools/pjsua/pjsua.go:481.2,481.16 1 0
github.com/arzzra/soft_phone/test_tools/pjsua/pjsua.go:481.16,483.3 1 0
github.com/arzzra/soft_phone/test_tools/pjsua/pjsua.go:484.2,484.21 1 0
github.com/arzzra/soft_phone/test_tools/pjsua/pjsua.go:484.21,486.3 1 0
github.com/arzzra/soft_phone/test_tools/pjsua/pjsua.go:487.2,487.21 1 0
github.com/arzzra/soft_phone/test_tools/pjsua/pjsua.go:487.21,489.3 1 0
github.com/arzzra/soft_phone/test_tools/pjsua/pjsua.go:490.2,490.23 1 0
github.com/arzzra/soft_phone/test_tools/pjsua/pjsua.go:490.23,492.3 1 0
github.com/arzzra/soft_phone/test_tools/pjsua/pjsua.go:493.2,493.26 1 0
github.com/arzzra/soft_phone/test_tools/pjsua/pjsua.go:493.26,495.3 1 0
github.com/arzzra/soft_phone/test_tools/pjsua/pjsua.go:496.2,496.27 1 0
github.com/arzzra/soft_phone/test_tools/pjsua/pjsua.go:496.27,498.3 1 0
github.com/arzzra/soft_phone/test_tools/pjsua/pjsua.go:499.2,499.25 1 0
github.com/arzzra/soft_phone/test_tools/pjsua/pjsua.go:499.25,501.3 1 0
github.com/arzzra/soft_phone/test_tools/pjsua/pjsua.go:502.2,502.26 1 0
github.com/arzzra/soft_phone/test_tools/pjsua/pjsua.go:502.26,504.3 1 0
github.com/arzzra/soft_phone/test_tools/pjsua/pjsua.go:505.2,505.28 1 0
github.com/arzzra/soft_phone/test_tools/pjsua/pjsua.go:505.28,507.3 1 0
github.com/arzzra/soft_phone/test_tools/pjsua/pjsua.go:508.2,508.18 1 0
github.com/arzzra/soft_phone/test_tools/pjsua/pjsua.go:508.18,510.3 1 0
github.com/arzzra/soft_phone/test_tools/pjsua/pjsua.go:511.2,511.24 1 0
github.com/arzzra/soft_phone/test_tools/pjsua/pjsua.go:511.24,513.3 1 0
github.com/arzzra/soft_phone/test_tools/pjsua/pjsua.go:514.2,514.21 1 0
github.com/arzzra/soft_phone/test_tools/pjsua/pjsua.go:514.21,516.3 1 0
github.com/arzzra/soft_phone/test_tools/pjsua/pjsua.go:519.2,519.15 1 0
github.com/arzzra/soft_phone/test_tools/pjsua/pjsua.go:519.15,521.3 1 0
github.com/arzzra/soft_phone/test_tools/pjsua/pjsua.go:522.2,522.22 1 0
github.com/arzzra/soft_phone/test_tools/pjsua/pjsua.go:522.22,524.3 1 0
github.com/arzzra/soft_phone/test_tools/pjsua/pjsua.go:527.2,527.17 1 0
github.com/arzzra/soft_phone/test_tools/pjsua/pjsua.go:527.17,529.3 1 0
github.com/arzzra/soft_phone/test_tools/pjsua/pjsua.go:530.2,530.21 1 0
github.com/arzzra/soft_phone/test_tools/pjsua/pjsua.go:530.21,532.3 1 0
github.com/arzzra/soft_phone/test_tools/pjsua/pjsua.go:533.2,533.25 1 0
github.com/arzzra/soft_phone/test_tools/pjsua/pjsua.go:533.25,535.3 1 0
github.com/arzzra/soft_phone/test_tools/pjsua/pjsua.go:536.2,536.26 1 0
github.com/arzzra/soft_phone/test_tools/pjsua/pjsua.go:536.26,538.3 1 0
github.com/arzzra/soft_phone/test_tools/pjsua/pjsua.go:539.2,539.20 1 0
github.com/arzzra/soft_phone/test_tools/pjsua/pjsua.go:539.20,541.3 1 0
github.com/arzzra/soft_phone/test_tools/pjsua/pjsua.go:542.2,542.22 1 0
github.com/arzzra/soft_phone/test_tools/pjsua/pjsua.go:542.22,544.3 1 0
github.com/arzzra/soft_phone/test_tools/pjsua/pjsua.go:545.2,545.24 1 0
github.com/arzzra/soft_phone/test_tools/pjsua/pjsua.go:545.24,547.3 1 0
github.com/arzzra/soft_phone/test_tools/pjsua/pjsua.go:548.2,548.24 1 0
github.com/arzzra/soft_phone/test_tools/pjsua/pjsua.go:548.24,550.3 1 0
github.com/arzzra/soft_phone/test_tools/pjsua/pjsua.go:551.2,551.18 1 0
github.com/arzzra/soft_phone/test_tools/pjsua/pjsua.go:551.18,553.3 1 0
github.com/arzzra/soft_phone/test_tools/pjsua/pjsua.go:554.2,554.27 1 0
github.com/arzzra/soft_phone/test_tools/pjsua/pjsua.go:554.27,556.3 1 0
github.com/arzzra/soft_phone/test_tools/pjsua/pjsua.go:557.2,557.18 1 0
github.com/arzzra/soft_phone/test_tools/pjsua/pjsua.go:557.18,559.3 1 0
github.com/arzzra/soft_phone/test_tools/pjsua/pjsua.go:560.2,560.25 1 0
github.com/arzzra/soft_phone/test_tools/pjsua/pjsua.go:560.25,562.3 1 0
github.com/arzzra/soft_phone/test_tools/pjsua/pjsua.go:563.2,563.29 1 0
github.com/arzzra/soft_phone/test_tools/pjsua/pjsua.go:563.29,565.3 1 0
github.com/arzzra/soft_phone/test_tools/pjsua/pjsua.go:566.2,566.18 1 0
github.com/arzzra/soft_phone/test_tools/pjsua/pjsua.go:566.18,568.3 1 0
github.com/arzzra/soft_phone/test_tools/pjsua/pjsua.go:569.2,569.25 1 0
github.com/arzzra/soft_phone/test_tools/pjsua/pjsua.go:569.25,571.3 1 0
github.com/arzzra/soft_phone/test_tools/pjsua/pjsua.go:574.2,574.18 1 0
github.com/arzzra/soft_phone/test_tools/pjsua/pjsua.go:574.18,576.3 1 0
github.com/arzzra/soft_phone/test_tools/pjsua/pjsua.go:577.2,577.30 1 0
github.com/arzzra/soft_phone/test_tools/pjsua/pjsua.go:577.30,579.3 1 0
github.com/arzzra/soft_phone/test_tools/pjsua/pjsua.go:580.2,580.32 1 0
github.com/arzzra/soft_phone/test_tools/pjsua/pjsua.go:580.32,582.3 1 0
github.com/arzzra/soft_phone/test_tools/pjsua/pjsua.go:583.2,583.35 1 0
github.com/arzzra/soft_phone/test_tools/pjsua/pjsua.go:583.35,585.3 1 0
github.com/arzzra/soft_phone/test_tools/pjsua/pjsua.go:586.2,586.34 1 0
github.com/arzzra/soft_phone/test_tools/pjsua/pjsua.go:586.34,588.3 1 0
github.com/arzzra/soft_phone/test_tools/pjsua/pjsua.go:589.2,589.32 1 0
github.com/arzzra/soft_phone/test_tools/pjsua/pjsua.go:589.32,591.3 1 0
github.com/arzzra/soft_phone/test_tools/pjsua/pjsua.go:592.2,592.44 1 0
github.com/arzzra/soft_phone/test_tools/pjsua/pjsua.go:592.44,594.3 1 0
github.com/arzzra/soft_phone/test_tools/pjsua/pjsua.go:597.2,597.38 1 0
github.com/arzzra/soft_phone/test_tools/pjsua/pjsua.go:597.38,599.3 1 0
github.com/arzzra/soft_phone/test_tools/pjsua/pjsua.go:602.2,602.25 1 0
github.com/arzzra/soft_phone/test_tools/pjsua/pjsua.go:602.25,604.3 1 0
github.com/arzzra/soft_phone/test_tools/pjsua/pjsua.go:605.2,605.23 1 0
github.com/arzzra/soft_phone/test_tools/pjsua/pjsua.go:605.23,607.3 1 0
github.com/arzzra/soft_phone/test_tools/pjsua/pjsua.go:608.2,608.24 1 0
github.com/arzzra/soft_phone/test_tools/pjsua/pjsua.go:608.24,610.3 1 0
github.com/arzzra/soft_phone/test_tools/pjsua/pjsua.go:611.2,611.23 1 0
github.com/arzzra/soft_phone/test_tools/pjsua/pjsua.go:611.23,613.3 1 0
github.com/arzzra/soft_phone/test_tools/pjsua/pjsua.go:614.2,614.21 1 0
github.com/arzzra/soft_phone/test_tools/pjsua/pjsua.go:614.21,616.3 1 0
github.com/arzzra/soft_phone/test_tools/pjsua/pjsua.go:617.2,617.25 1 0
github.com/arzzra/soft_phone/test_tools/pjsua/pjsua.go:617.25,619.3 1 0
github.com/arzzra/soft_phone/test_tools/pjsua/pjsua.go:620.2,620.20 1 0
github.com/arzzra/soft_phone/test_tools/pjsua/pjsua.go:620.20,622.3 1 0
github.com/arzzra/soft_phone/test_tools/pjsua/pjsua.go:623.2,623.30 1 0
github.com/arzzra/soft_phone/test_tools/pjsua/pjsua.go:623.30,625.3 1 0
github.com/arzzra/soft_phone/test_tools/pjsua/pjsua.go:628.2,628.17 1 0
github.com/arzzra/soft_phone/test_tools/pjsua/pjsua.go:628.17,630.3 1 0
github.com/arzzra/soft_phone/test_tools/pjsua/pjsua.go:631.2,631.28 1 0
github.com/arzzra/soft_phone/test_tools/pjsua/pjsua.go:631.28,633.3 1 0
github.com/arzzra/soft_phone/test_tools/pjsua/pjsua.go:634.2,634.23 1 0
github.com/arzzra/soft_phone/test_tools/pjsua/pjsua.go:634.23,636.3 1 0
github.com/arzzra/soft_phone/test_tools/pjsua/pjsua.go:639.2,639.24 1 0
github.com/arzzra/soft_phone/test_tools/pjsua/pjsua.go:639.24,641.3 1 0
github.com/arzzra/soft_phone/test_tools/pjsua/pjsua.go:644.2,644.76 1 0
github.com/arzzra/soft_phone/test_tools/pjsua/pjsua.go:644.76,646.3 1 0
github.com/arzzra/soft_phone/test_tools/pjsua/pjsua.go:647.2,647.24 1 0
github.com/arzzra/soft_phone/test_tools/pjsua/pjsua.go:647.24,649.3 1 0
github.com/arzzra/soft_phone/test_tools/pjsua/pjsua.go:651.2,651.13 1 0
github.com/arzzra/soft_phone/test_tools/pjsua/pjsua.go:655.42,657.12 2 0
github.com/arzzra/soft_phone/test_tools/pjsua/pjsua.go:657.12,660.3 2 0
github.com/arzzra/soft_phone/test_tools/pjsua/pjsua.go:664.38,670.6 3 0
github.com/arzzra/soft_phone/test_tools/pjsua/pjsua.go:670.6,671.10 1 0
github.com/arzzra/soft_phone/test_tools/pjsua/pjsua.go:672.24,673.10 1 0
github.com/arzzra/soft_phone/test_tools/pjsua/pjsua.go:674.19,676.17 1 0
github.com/arzzra/soft_phone/test_tools/pjsua/pjsua.go:682.34,684.45 1 0
github.com/arzzra/soft_phone/test_tools/pjsua/pjsua.go:684.45,686.30 2 0
github.com/arzzra/soft_phone/test_tools/pjsua/pjsua.go:686.30,688.4 1 0
github.com/arzzra/soft_phone/test_tools/pjsua/pjsua.go:689.3,689.19 1 0
github.com/arzzra/soft_phone/test_tools/pjsua/pjsua.go:693.2,693.51 1 0
github.com/arzzra/soft_phone/test_tools/pjsua/pjsua.go:693.51,695.32 2 0
github.com/arzzra/soft_phone/test_tools/pjsua/pjsua.go:695.32,697.4 1 0
github.com/arzzra/soft_phone/test_tools/pjsua/pjsua.go:698.3,698.19 1 0
github.com/arzzra/soft_phone/test_tools/pjsua/pjsua.go:703.95,705.2 1 1
github.com/arzzra/soft_phone/test_tools/pjsua/pjsua.go:708.73,713.2 3 0
github.com/arzzra/soft_phone/test_tools/pjsua/pjsua.go:716.50,721.35 4 0
github.com/arzzra/soft_phone/test_tools/pjsua/pjsua.go:721.35,723.3 1 0
github.com/arzzra/soft_phone/test_tools/pjsua/pjsua.go:729.56,734.16 4 1
github.com/arzzra/soft_phone/test_tools/pjsua/pjsua.go:734.16,736.3 1 0
github.com/arzzra/soft_phone/test_tools/pjsua/pjsua.go:739.2,739.98 1 1
github.com/arzzra/soft_phone/test_tools/pjsua/pjsua.go:739.98,747.36 2 1
github.com/arzzra/soft_phone/test_tools/pjsua/pjsua.go:747.36,749.97 2 1
github.com/arzzra/soft_phone/test_tools/pjsua/pjsua.go:749.97,750.56 1 1
github.com/arzzra/soft_phone/test_tools/pjsua/pjsua.go:750.56,752.6 1 1
github.com/arzzra/soft_phone/test_tools/pjsua/pjsua.go:757.2,757.83 1 0
github.com/arzzra/soft_phone/test_tools/pjsua/pjsua.go:761.47,767.2 4 1
github.com/arzzra/soft_phone/test_tools/pjsua/pjsua.go:770.40,776.2 4 0
github.com/arzzra/soft_phone/test_tools/pjsua/pjsua.go:779.57,785.2 4 0
github.com/arzzra/soft_phone/test_tools/pjsua/pjsua.go:788.45,794.2 4 0
github.com/arzzra/soft_phone/test_tools/pjsua/pjsua.go:797.49,803.2 4 0
github.com/arzzra/soft_phone/test_tools/pjsua/pjsua.go:806.65,812.2 4 0
github.com/arzzra/soft_phone/test_tools/pjsua/pjsua.go:815.76,821.2 4 0
github.com/arzzra/soft_phone/test_tools/pjsua/pjsua.go:824.64,830.2 4 0
github.com/arzzra/soft_phone/test_tools/pjsua/pjsua.go:833.51,838.16 4 1
github.com/arzzra/soft_phone/test_tools/pjsua/pjsua.go:838.16,840.3 1 0
github.com/arzzra/soft_phone/test_tools/pjsua/pjsua.go:842.2,842.43 1 1
github.com/arzzra/soft_phone/test_tools/pjsua/pjsua.go:846.57,851.9 4 0
github.com/arzzra/soft_phone/test_tools/pjsua/pjsua.go:851.9,853.3 1 0
github.com/arzzra/soft_phone/test_tools/pjsua/pjsua.go:855.2,855.18 1 0
github.com/arzzra/soft_phone/test_tools/pjsua/pjsua.go:859.73,864.16 4 0
github.com/arzzra/soft_phone/test_tools/pjsua/pjsua.go:864.16,866.3 1 0
github.com/arzzra/soft_phone/test_tools/pjsua/pjsua.go:868.2,868.52 1 0
github.com/arzzra/soft_phone/test_tools/pjsua/pjsua.go:872.97,877.6 4 0
github.com/arzzra/soft_phone/test_tools/pjsua/pjsua.go:877.6,878.10 1 0
github.com/arzzra/soft_phone/test_tools/pjsua/pjsua.go:879.19,881.18 2 0
github.com/arzzra/soft_phone/test_tools/pjsua/pjsua.go:881.18,883.5 1 0
github.com/arzzra/soft_phone/test_tools/pjsua/pjsua.go:885.4,885.27 1 0
github.com/arzzra/soft_phone/test_tools/pjsua/pjsua.go:885.27,887.5 1 0
github.com/arzzra/soft_phone/test_tools/pjsua/pjsua.go:889.4,889.34 1 0
github.com/arzzra/soft_phone/test_tools/pjsua/pjsua.go:889.34,892.5 1 0
github.com/arzzra/soft_phone/test_tools/pjsua/pjsua.go:900.76,905.21 4 0
github.com/arzzra/soft_phone/test_tools/pjsua/pjsua.go:905.21,907.3 1 0
github.com/arzzra/soft_phone/test_tools/pjsua/pjsua.go:909.2,910.16 2 0
github.com/arzzra/soft_phone/test_tools/pjsua/pjsua.go:910.16,912.3 1 0
github.com/arzzra/soft_phone/test_tools/pjsua/pjsua.go:915.2,916.74 2 0
github.com/arzzra/soft_phone/test_tools/pjsua/pjsua.go:916.74,918.3 1 0
github.com/arzzra/soft_phone/test_tools/pjsua/pjsua.go:920.2,920.86 1 0
github.com/arzzra/soft_phone/test_tools/pjsua/pjsua.go:924.53,930.2 4 0
github.com/arzzra/soft_phone/test_tools/pjsua/pjsua.go:933.50,939.2 4 1
github.com/arzzra/soft_phone/test_tools/pjsua/pjsua.go:942.57,948.2 4 1
github.com/arzzra/soft_phone/test_tools/pjsua/pjsua.go:951.57,956.16 4 1
github.com/arzzra/soft_phone/test_tools/pjsua/pjsua.go:956.16,958.3 1 0
github.com/arzzra/soft_phone/test_tools/pjsua/pjsua.go:960.2,960.46 1 1
github.com/arzzra/soft_phone/test_tools/pjsua/pjsua.go:964.62,969.9 4 0
github.com/arzzra/soft_phone/test_tools/pjsua/pjsua.go:969.9,971.3 1 0
github.com/arzzra/soft_phone/test_tools/pjsua/pjsua.go:973.2,973.17 1 0
github.com/arzzra/soft_phone/test_tools/pjsua/pjsua.go:979.63,985.2 4 1
github.com/arzzra/soft_phone/test_tools/pjsua/pjsua.go:988.66,993.14 4 1
github.com/arzzra/soft_phone/test_tools/pjsua/pjsua.go:993.14,995.3 1 1
github.com/arzzra/soft_phone/test_tools/pjsua/pjsua.go:997.2,998.12 2 1
github.com/arzzra/soft_phone/test_tools/pjsua/pjsua.go:1004.62,1009.16 4 0
github.com/arzzra/soft_phone/test_tools/pjsua/pjsua.go:1009.16,1011.3 1 0
github.com/arzzra/soft_phone/test_tools/pjsua/pjsua.go:1014.2,1015.76 2 0
github.com/arzzra/soft_phone/test_tools/pjsua/pjsua.go:1015.76,1017.3 1 0
github.com/arzzra/soft_phone/test_tools/pjsua/pjsua.go:1019.2,1019.84 1 0
github.com/arzzra/soft_phone/test_tools/pjsua/pjsua.go:1023.58,1029.2 4 0
github.com/arzzra/soft_phone/test_tools/pjsua/pjsua.go:1032.46,1038.2 4 0
github.com/arzzra/soft_phone/test_tools/pjsua/pjsua.go:1041.69,1046.14 4 0
github.com/arzzra/soft_phone/test_tools/pjsua/pjsua.go:1046.14,1048.3 1 0
github.com/arzzra/soft_phone/test_tools/pjsua/pjsua.go:1049.2,1049.16 1 0
github.com/arzzra/soft_phone/test_tools/pjsua/pjsua.go:1049.16,1051.3 1 0
github.com/arzzra/soft_phone/test_tools/pjsua/pjsua.go:1053.2,1054.12 2 0
github.com/arzzra/soft_phone/test_tools/pjsua/pjsua.go:1058.60,1063.16 4 0
github.com/arzzra/soft_phone/test_tools/pjsua/pjsua.go:1063.16,1065.3 1 0
github.com/arzzra/soft_phone/test_tools/pjsua/pjsua.go:1067.2,1067.45 1 0
github.com/arzzra/soft_phone/test_tools/pjsua/pjsua.go:1073.65,1078.16 4 1
github.com/arzzra/soft_phone/test_tools/pjsua/pjsua.go:1078.16,1080.3 1 0
github.com/arzzra/soft_phone/test_tools/pjsua/pjsua.go:1082.2,1082.50 1 1
github.com/arzzra/soft_phone/test_tools/pjsua/pjsua.go:1086.70,1092.2 4 1
github.com/arzzra/soft_phone/test_tools/pjsua/pjsua.go:1095.71,1100.16 4 0
github.com/arzzra/soft_phone/test_tools/pjsua/pjsua.go:1100.16,1102.3 1 0
github.com/arzzra/soft_phone/test_tools/pjsua/pjsua.go:1104.2,1104.53 1 0
github.com/arzzra/soft_phone/test_tools/pjsua/pjsua.go:1108.73,1114.2 4 0
github.com/arzzra/soft_phone/test_tools/pjsua/pjsua.go:1117.76,1123.2 4 0
github.com/arzzra/soft_phone/test_tools/pjsua/pjsua.go:1126.66,1132.2 4 0
github.com/arzzra/soft_phone/test_tools/pjsua/pjsua.go:1135.57,1140.16 4 1
github.com/arzzra/soft_phone/test_tools/pjsua/pjsua.go:1140.16,1142.3 1 0
github.com/arzzra/soft_phone/test_tools/pjsua/pjsua.go:1144.2,1144.44 1 1
github.com/arzzra/soft_phone/test_tools/pjsua/pjsua.go:1148.75,1154.2 4 0
github.com/arzzra/soft_phone/test_tools/pjsua/pjsua.go:1159.52,1165.2 4 0
github.com/arzzra/soft_phone/test_tools/pjsua/pjsua.go:1168.53,1174.2 4 0
github.com/arzzra/soft_phone/test_tools/pjsua/pjsua.go:1177.65,1182.16 4 0
github.com/arzzra/soft_phone/test_tools/pjsua/pjsua.go:1182.16,1184.3 1 0
github.com/arzzra/soft_phone/test_tools/pjsua/pjsua.go:1186.2,1186.50 1 0
github.com/arzzra/soft_phone/test_tools/pjsua/pjsua.go:1190.54,1196.2 4 0
github.com/arzzra/soft_phone/test_tools/pjsua/pjsua.go:1199.65,1204.16 4 0
github.com/arzzra/soft_phone/test_tools/pjsua/pjsua.go:1204.16,1206.3 1 0
github.com/arzzra/soft_phone/test_tools/pjsua/pjsua.go:1208.2,1208.50 1 0
github.com/arzzra/soft_phone/test_tools/pjsua/pjsua.go:1212.55,1218.2 4 0
github.com/arzzra/soft_phone/test_tools/pjsua/pjsua.go:1221.55,1227.2 4 0
github.com/arzzra/soft_phone/test_tools/pjsua/pjsua.go:1230.61,1236.2 4 0
github.com/arzzra/soft_phone/test_tools/pjsua/pjsua.go:1239.72,1245.2 4 0
github.com/arzzra/soft_phone/test_tools/pjsua/pjsua.go:1250.66,1255.12 4 0
github.com/arzzra/soft_phone/test_tools/pjsua/pjsua.go:1255.12,1257.3 1 0
github.com/arzzra/soft_phone/test_tools/pjsua/pjsua.go:1259.2,1260.16 2 0
github.com/arzzra/soft_phone/test_tools/pjsua/pjsua.go:1260.16,1262.3 1 0
github.com/arzzra/soft_phone/test_tools/pjsua/pjsua.go:1264.2,1264.27 1 0
github.com/arzzra/soft_phone/test_tools/pjsua/pjsua.go:1268.53,1273.16 4 0
github.com/arzzra/soft_phone/test_tools/pjsua/pjsua.go:1273.16,1275.3 1 0
github.com/arzzra/soft_phone/test_tools/pjsua/pjsua.go:1277.2,1277.27 1 0
github.com/arzzra/soft_phone/test_tools/pjsua/pjsua.go:1281.59,1287.2 4 0
github.com/arzzra/soft_phone/test_tools/pjsua/pjsua.go:1290.58,1297.2 5 0
