mode: set
github.com/arzzra/soft_phone/pkg/dialog/body.go:13.37,15.2 1 0
github.com/arzzra/soft_phone/pkg/dialog/body.go:18.33,20.2 1 0
github.com/arzzra/soft_phone/pkg/dialog/body.go:23.51,25.2 1 0
github.com/arzzra/soft_phone/pkg/dialog/body.go:28.43,30.2 1 0
github.com/arzzra/soft_phone/pkg/dialog/dialog.go:77.38,79.2 1 1
github.com/arzzra/soft_phone/pkg/dialog/dialog.go:94.36,96.2 1 0
github.com/arzzra/soft_phone/pkg/dialog/dialog.go:201.30,203.2 1 0
github.com/arzzra/soft_phone/pkg/dialog/dialog.go:207.38,209.2 1 0
github.com/arzzra/soft_phone/pkg/dialog/dialog.go:213.38,214.18 1 1
github.com/arzzra/soft_phone/pkg/dialog/dialog.go:214.18,216.3 1 1
github.com/arzzra/soft_phone/pkg/dialog/dialog.go:217.2,217.13 1 0
github.com/arzzra/soft_phone/pkg/dialog/dialog.go:222.36,224.2 1 0
github.com/arzzra/soft_phone/pkg/dialog/dialog.go:228.37,230.2 1 0
github.com/arzzra/soft_phone/pkg/dialog/dialog.go:234.44,236.2 1 0
github.com/arzzra/soft_phone/pkg/dialog/dialog.go:240.37,244.2 3 0
github.com/arzzra/soft_phone/pkg/dialog/dialog.go:248.38,252.2 3 0
github.com/arzzra/soft_phone/pkg/dialog/dialog.go:257.40,261.2 3 0
github.com/arzzra/soft_phone/pkg/dialog/dialog.go:266.41,270.2 3 0
github.com/arzzra/soft_phone/pkg/dialog/dialog.go:274.47,276.2 1 0
github.com/arzzra/soft_phone/pkg/dialog/dialog.go:280.36,282.2 1 0
github.com/arzzra/soft_phone/pkg/dialog/dialog.go:286.37,288.2 1 0
github.com/arzzra/soft_phone/pkg/dialog/dialog.go:293.53,296.2 2 0
github.com/arzzra/soft_phone/pkg/dialog/dialog.go:299.48,301.2 1 0
github.com/arzzra/soft_phone/pkg/dialog/dialog.go:304.50,305.33 1 0
github.com/arzzra/soft_phone/pkg/dialog/dialog.go:305.33,307.3 1 0
github.com/arzzra/soft_phone/pkg/dialog/dialog.go:308.2,308.23 1 0
github.com/arzzra/soft_phone/pkg/dialog/dialog.go:313.77,314.33 1 0
github.com/arzzra/soft_phone/pkg/dialog/dialog.go:314.33,316.3 1 0
github.com/arzzra/soft_phone/pkg/dialog/dialog.go:317.2,318.12 2 0
github.com/arzzra/soft_phone/pkg/dialog/dialog.go:322.74,323.32 1 0
github.com/arzzra/soft_phone/pkg/dialog/dialog.go:323.32,325.3 1 0
github.com/arzzra/soft_phone/pkg/dialog/dialog.go:330.55,331.33 1 0
github.com/arzzra/soft_phone/pkg/dialog/dialog.go:331.33,333.3 1 0
github.com/arzzra/soft_phone/pkg/dialog/dialog.go:334.2,334.35 1 0
github.com/arzzra/soft_phone/pkg/dialog/dialog.go:338.59,339.32 1 0
github.com/arzzra/soft_phone/pkg/dialog/dialog.go:339.32,341.3 1 0
github.com/arzzra/soft_phone/pkg/dialog/dialog.go:347.36,354.25 2 0
github.com/arzzra/soft_phone/pkg/dialog/dialog.go:354.25,358.3 3 0
github.com/arzzra/soft_phone/pkg/dialog/dialog.go:361.2,362.18 2 0
github.com/arzzra/soft_phone/pkg/dialog/dialog.go:362.18,364.3 1 0
github.com/arzzra/soft_phone/pkg/dialog/dialog.go:366.2,372.16 4 0
github.com/arzzra/soft_phone/pkg/dialog/dialog.go:372.16,376.3 2 0
github.com/arzzra/soft_phone/pkg/dialog/dialog.go:378.2,382.52 2 0
github.com/arzzra/soft_phone/pkg/dialog/dialog.go:382.52,386.3 2 0
github.com/arzzra/soft_phone/pkg/dialog/dialog.go:388.2,388.12 1 0
github.com/arzzra/soft_phone/pkg/dialog/dialog.go:396.99,403.23 2 0
github.com/arzzra/soft_phone/pkg/dialog/dialog.go:403.23,407.3 3 0
github.com/arzzra/soft_phone/pkg/dialog/dialog.go:410.2,412.16 3 0
github.com/arzzra/soft_phone/pkg/dialog/dialog.go:412.16,417.3 2 0
github.com/arzzra/soft_phone/pkg/dialog/dialog.go:420.2,429.27 6 0
github.com/arzzra/soft_phone/pkg/dialog/dialog.go:429.27,431.3 1 0
github.com/arzzra/soft_phone/pkg/dialog/dialog.go:433.2,437.49 2 0
github.com/arzzra/soft_phone/pkg/dialog/dialog.go:437.49,441.3 2 0
github.com/arzzra/soft_phone/pkg/dialog/dialog.go:444.2,445.16 2 0
github.com/arzzra/soft_phone/pkg/dialog/dialog.go:445.16,451.3 3 0
github.com/arzzra/soft_phone/pkg/dialog/dialog.go:453.2,456.16 2 0
github.com/arzzra/soft_phone/pkg/dialog/dialog.go:463.100,470.25 2 0
github.com/arzzra/soft_phone/pkg/dialog/dialog.go:470.25,474.3 3 0
github.com/arzzra/soft_phone/pkg/dialog/dialog.go:477.2,480.27 2 0
github.com/arzzra/soft_phone/pkg/dialog/dialog.go:480.27,482.3 1 0
github.com/arzzra/soft_phone/pkg/dialog/dialog.go:484.2,489.16 3 0
github.com/arzzra/soft_phone/pkg/dialog/dialog.go:489.16,493.3 2 0
github.com/arzzra/soft_phone/pkg/dialog/dialog.go:495.2,498.16 2 0
github.com/arzzra/soft_phone/pkg/dialog/dialog.go:505.114,512.25 2 0
github.com/arzzra/soft_phone/pkg/dialog/dialog.go:512.25,516.3 3 0
github.com/arzzra/soft_phone/pkg/dialog/dialog.go:518.2,518.26 1 0
github.com/arzzra/soft_phone/pkg/dialog/dialog.go:518.26,522.3 3 0
github.com/arzzra/soft_phone/pkg/dialog/dialog.go:525.2,545.27 9 0
github.com/arzzra/soft_phone/pkg/dialog/dialog.go:545.27,547.3 1 0
github.com/arzzra/soft_phone/pkg/dialog/dialog.go:549.2,554.16 3 0
github.com/arzzra/soft_phone/pkg/dialog/dialog.go:554.16,558.3 2 0
github.com/arzzra/soft_phone/pkg/dialog/dialog.go:560.2,563.16 2 0
github.com/arzzra/soft_phone/pkg/dialog/dialog.go:569.90,575.24 2 0
github.com/arzzra/soft_phone/pkg/dialog/dialog.go:575.24,579.3 3 0
github.com/arzzra/soft_phone/pkg/dialog/dialog.go:582.2,588.27 3 0
github.com/arzzra/soft_phone/pkg/dialog/dialog.go:588.27,590.3 1 0
github.com/arzzra/soft_phone/pkg/dialog/dialog.go:593.2,601.16 4 0
github.com/arzzra/soft_phone/pkg/dialog/dialog.go:601.16,605.3 2 0
github.com/arzzra/soft_phone/pkg/dialog/dialog.go:607.2,611.16 2 0
github.com/arzzra/soft_phone/pkg/dialog/dialog.go:616.44,618.2 1 0
github.com/arzzra/soft_phone/pkg/dialog/dialog.go:622.50,624.2 1 0
github.com/arzzra/soft_phone/pkg/dialog/dialog.go:627.40,629.2 1 0
github.com/arzzra/soft_phone/pkg/dialog/dialog.go:634.43,638.2 3 0
github.com/arzzra/soft_phone/pkg/dialog/dialog.go:643.32,645.24 1 0
github.com/arzzra/soft_phone/pkg/dialog/dialog.go:645.24,647.3 1 0
github.com/arzzra/soft_phone/pkg/dialog/dialog.go:650.2,650.47 1 0
github.com/arzzra/soft_phone/pkg/dialog/dialog.go:650.47,652.3 1 0
github.com/arzzra/soft_phone/pkg/dialog/dialog.go:655.2,655.12 1 0
github.com/arzzra/soft_phone/pkg/dialog/dialog.go:661.59,665.2 3 1
github.com/arzzra/soft_phone/pkg/dialog/dialog.go:670.51,674.2 3 0
github.com/arzzra/soft_phone/pkg/dialog/dialog.go:679.60,683.2 3 0
github.com/arzzra/soft_phone/pkg/dialog/dialog.go:688.46,692.2 3 0
github.com/arzzra/soft_phone/pkg/dialog/dialog.go:702.85,706.27 2 1
github.com/arzzra/soft_phone/pkg/dialog/dialog.go:706.27,708.3 1 0
github.com/arzzra/soft_phone/pkg/dialog/dialog.go:710.2,727.23 9 1
github.com/arzzra/soft_phone/pkg/dialog/dialog.go:727.23,730.3 2 1
github.com/arzzra/soft_phone/pkg/dialog/dialog.go:733.2,733.49 1 1
github.com/arzzra/soft_phone/pkg/dialog/dialog.go:733.49,738.3 1 1
github.com/arzzra/soft_phone/pkg/dialog/dialog.go:741.2,743.16 2 1
github.com/arzzra/soft_phone/pkg/dialog/dialog.go:749.77,764.77 10 0
github.com/arzzra/soft_phone/pkg/dialog/dialog.go:764.77,765.53 1 0
github.com/arzzra/soft_phone/pkg/dialog/dialog.go:765.53,767.4 1 0
github.com/arzzra/soft_phone/pkg/dialog/dialog.go:771.2,775.23 3 0
github.com/arzzra/soft_phone/pkg/dialog/dialog.go:775.23,777.3 1 0
github.com/arzzra/soft_phone/pkg/dialog/dialog.go:779.2,782.26 3 0
github.com/arzzra/soft_phone/pkg/dialog/dialog.go:782.26,784.3 1 0
github.com/arzzra/soft_phone/pkg/dialog/dialog.go:786.2,798.56 5 0
github.com/arzzra/soft_phone/pkg/dialog/dialog.go:798.56,799.52 1 0
github.com/arzzra/soft_phone/pkg/dialog/dialog.go:799.52,801.4 1 0
github.com/arzzra/soft_phone/pkg/dialog/dialog.go:805.2,807.11 2 0
github.com/arzzra/soft_phone/pkg/dialog/dialog.go:810.49,816.2 5 1
github.com/arzzra/soft_phone/pkg/dialog/dialog.go:870.28,887.2 1 1
github.com/arzzra/soft_phone/pkg/dialog/dialog.go:891.70,898.50 4 0
github.com/arzzra/soft_phone/pkg/dialog/dialog.go:898.50,908.22 2 0
github.com/arzzra/soft_phone/pkg/dialog/dialog.go:908.22,909.50 1 0
github.com/arzzra/soft_phone/pkg/dialog/dialog.go:909.50,911.22 1 0
github.com/arzzra/soft_phone/pkg/dialog/dialog.go:911.22,913.6 1 0
github.com/arzzra/soft_phone/pkg/dialog/dialog.go:916.5,916.48 1 0
github.com/arzzra/soft_phone/pkg/dialog/dialog.go:921.3,924.28 3 0
github.com/arzzra/soft_phone/pkg/dialog/dialog.go:928.2,933.20 5 0
github.com/arzzra/soft_phone/pkg/dialog/dialog.go:933.20,935.3 1 0
github.com/arzzra/soft_phone/pkg/dialog/dialog.go:938.2,938.60 1 0
github.com/arzzra/soft_phone/pkg/dialog/dialog.go:938.60,940.3 1 0
github.com/arzzra/soft_phone/pkg/dialog/dialog.go:943.66,945.55 1 0
github.com/arzzra/soft_phone/pkg/dialog/dialog.go:945.55,950.21 4 0
github.com/arzzra/soft_phone/pkg/dialog/dialog.go:950.21,952.4 1 0
github.com/arzzra/soft_phone/pkg/dialog/dialog.go:956.67,959.2 0 0
github.com/arzzra/soft_phone/pkg/dialog/dialog.go:961.61,964.2 1 0
github.com/arzzra/soft_phone/pkg/dialog/dialog.go:966.48,968.2 1 0
github.com/arzzra/soft_phone/pkg/dialog/dialog.go:975.37,977.2 1 0
github.com/arzzra/soft_phone/pkg/dialog/dialog.go:979.35,981.2 1 0
github.com/arzzra/soft_phone/pkg/dialog/dialog.go:984.40,988.2 3 0
github.com/arzzra/soft_phone/pkg/dialog/dialog.go:998.27,1000.2 1 1
github.com/arzzra/soft_phone/pkg/dialog/dialog.go:1005.69,1011.41 4 0
github.com/arzzra/soft_phone/pkg/dialog/dialog.go:1011.41,1013.22 2 0
github.com/arzzra/soft_phone/pkg/dialog/dialog.go:1013.22,1019.4 1 0
github.com/arzzra/soft_phone/pkg/dialog/dialog.go:1020.8,1022.44 1 0
github.com/arzzra/soft_phone/pkg/dialog/dialog.go:1022.44,1029.4 2 0
github.com/arzzra/soft_phone/pkg/dialog/dialog.go:1032.2,1042.23 4 0
github.com/arzzra/soft_phone/pkg/dialog/dialog.go:1042.23,1044.3 1 0
github.com/arzzra/soft_phone/pkg/dialog/dialog.go:1045.2,1049.22 3 0
github.com/arzzra/soft_phone/pkg/dialog/dialog.go:1049.22,1052.3 1 0
github.com/arzzra/soft_phone/pkg/dialog/dialog.go:1052.8,1052.34 1 0
github.com/arzzra/soft_phone/pkg/dialog/dialog.go:1052.34,1055.3 1 0
github.com/arzzra/soft_phone/pkg/dialog/dialog.go:1055.8,1061.3 2 0
github.com/arzzra/soft_phone/pkg/dialog/dialog.go:1063.2,1068.25 5 0
github.com/arzzra/soft_phone/pkg/dialog/dialog.go:1068.25,1069.34 1 0
github.com/arzzra/soft_phone/pkg/dialog/dialog.go:1069.34,1071.4 1 0
github.com/arzzra/soft_phone/pkg/dialog/dialog.go:1074.2,1080.19 2 0
github.com/arzzra/soft_phone/pkg/dialog/dialog.go:1083.51,1087.22 2 0
github.com/arzzra/soft_phone/pkg/dialog/dialog.go:1087.22,1093.3 1 0
github.com/arzzra/soft_phone/pkg/dialog/dialog.go:1093.8,1093.53 1 0
github.com/arzzra/soft_phone/pkg/dialog/dialog.go:1093.53,1094.19 1 0
github.com/arzzra/soft_phone/pkg/dialog/dialog.go:1095.12,1097.55 1 0
github.com/arzzra/soft_phone/pkg/dialog/dialog.go:1097.55,1103.5 1 0
github.com/arzzra/soft_phone/pkg/dialog/dialog.go:1104.12,1106.69 1 0
github.com/arzzra/soft_phone/pkg/dialog/dialog.go:1106.69,1112.5 1 0
github.com/arzzra/soft_phone/pkg/dialog/dialog.go:1117.2,1117.60 1 0
github.com/arzzra/soft_phone/pkg/dialog/dialog.go:1117.60,1122.3 1 0
github.com/arzzra/soft_phone/pkg/dialog/dialog.go:1124.2,1124.19 1 0
github.com/arzzra/soft_phone/pkg/dialog/dialog.go:1128.78,1134.2 4 0
github.com/arzzra/soft_phone/pkg/dialog/dialog.go:1134.2,1136.3 1 0
github.com/arzzra/soft_phone/pkg/dialog/dialog.go:1138.2,1139.16 2 0
github.com/arzzra/soft_phone/pkg/dialog/dialog.go:1139.16,1141.3 1 0
github.com/arzzra/soft_phone/pkg/dialog/dialog.go:1143.2,1149.23 3 0
github.com/arzzra/soft_phone/pkg/dialog/dialog.go:1153.35,1154.61 1 1
github.com/arzzra/soft_phone/pkg/dialog/dialog.go:1154.61,1156.3 1 0
github.com/arzzra/soft_phone/pkg/dialog/dialog.go:1156.8,1156.47 1 1
github.com/arzzra/soft_phone/pkg/dialog/dialog.go:1156.47,1159.3 1 1
github.com/arzzra/soft_phone/pkg/dialog/endpoint.go:42.50,44.74 2 0
github.com/arzzra/soft_phone/pkg/dialog/endpoint.go:44.74,46.3 1 0
github.com/arzzra/soft_phone/pkg/dialog/endpoint.go:48.2,53.3 1 0
github.com/arzzra/soft_phone/pkg/dialog/endpoint.go:63.37,64.18 1 0
github.com/arzzra/soft_phone/pkg/dialog/endpoint.go:64.18,66.3 1 0
github.com/arzzra/soft_phone/pkg/dialog/endpoint.go:67.2,67.18 1 0
github.com/arzzra/soft_phone/pkg/dialog/endpoint.go:67.18,69.3 1 0
github.com/arzzra/soft_phone/pkg/dialog/endpoint.go:70.2,70.35 1 0
github.com/arzzra/soft_phone/pkg/dialog/endpoint.go:70.35,72.3 1 0
github.com/arzzra/soft_phone/pkg/dialog/endpoint.go:73.2,73.47 1 0
github.com/arzzra/soft_phone/pkg/dialog/endpoint.go:73.47,75.3 1 0
github.com/arzzra/soft_phone/pkg/dialog/endpoint.go:76.2,76.12 1 0
github.com/arzzra/soft_phone/pkg/dialog/endpoint.go:83.40,90.26 5 0
github.com/arzzra/soft_phone/pkg/dialog/endpoint.go:91.20,92.55 1 0
github.com/arzzra/soft_phone/pkg/dialog/endpoint.go:93.61,94.55 1 0
github.com/arzzra/soft_phone/pkg/dialog/endpoint.go:95.10,96.126 1 0
github.com/arzzra/soft_phone/pkg/dialog/endpoint.go:99.2,99.16 1 0
github.com/arzzra/soft_phone/pkg/dialog/endpoint.go:99.16,103.3 3 0
github.com/arzzra/soft_phone/pkg/dialog/endpoint.go:105.2,112.12 5 0
github.com/arzzra/soft_phone/pkg/dialog/endpoint.go:116.37,118.2 1 0
github.com/arzzra/soft_phone/pkg/dialog/endpoint.go:121.36,125.2 3 0
github.com/arzzra/soft_phone/pkg/dialog/endpoint.go:128.36,132.32 2 0
github.com/arzzra/soft_phone/pkg/dialog/endpoint.go:132.32,134.3 1 0
github.com/arzzra/soft_phone/pkg/dialog/endpoint.go:138.36,141.2 1 0
github.com/arzzra/soft_phone/pkg/dialog/endpoint.go:173.44,174.49 1 0
github.com/arzzra/soft_phone/pkg/dialog/endpoint.go:174.49,176.3 1 0
github.com/arzzra/soft_phone/pkg/dialog/endpoint.go:179.2,179.23 1 0
github.com/arzzra/soft_phone/pkg/dialog/endpoint.go:179.23,180.47 1 0
github.com/arzzra/soft_phone/pkg/dialog/endpoint.go:180.47,182.4 1 0
github.com/arzzra/soft_phone/pkg/dialog/endpoint.go:186.2,187.23 2 0
github.com/arzzra/soft_phone/pkg/dialog/endpoint.go:187.23,189.3 1 0
github.com/arzzra/soft_phone/pkg/dialog/endpoint.go:191.2,191.34 1 0
github.com/arzzra/soft_phone/pkg/dialog/endpoint.go:191.34,192.39 1 0
github.com/arzzra/soft_phone/pkg/dialog/endpoint.go:192.39,194.4 1 0
github.com/arzzra/soft_phone/pkg/dialog/endpoint.go:195.3,195.21 1 0
github.com/arzzra/soft_phone/pkg/dialog/endpoint.go:195.21,197.4 1 0
github.com/arzzra/soft_phone/pkg/dialog/endpoint.go:198.3,198.24 1 0
github.com/arzzra/soft_phone/pkg/dialog/endpoint.go:201.2,201.12 1 0
github.com/arzzra/soft_phone/pkg/dialog/endpoint.go:210.68,211.50 1 0
github.com/arzzra/soft_phone/pkg/dialog/endpoint.go:211.50,213.3 1 0
github.com/arzzra/soft_phone/pkg/dialog/endpoint.go:215.2,215.34 1 0
github.com/arzzra/soft_phone/pkg/dialog/endpoint.go:215.34,216.22 1 0
github.com/arzzra/soft_phone/pkg/dialog/endpoint.go:216.22,218.4 1 0
github.com/arzzra/soft_phone/pkg/dialog/endpoint.go:221.2,221.12 1 0
github.com/arzzra/soft_phone/pkg/dialog/endpoint.go:226.51,228.23 2 0
github.com/arzzra/soft_phone/pkg/dialog/endpoint.go:228.23,230.3 1 0
github.com/arzzra/soft_phone/pkg/dialog/endpoint.go:231.2,231.14 1 0
github.com/arzzra/soft_phone/pkg/dialog/endpoint.go:237.61,241.49 2 0
github.com/arzzra/soft_phone/pkg/dialog/endpoint.go:241.49,243.3 1 0
github.com/arzzra/soft_phone/pkg/dialog/endpoint.go:246.2,246.34 1 0
github.com/arzzra/soft_phone/pkg/dialog/endpoint.go:246.34,247.21 1 0
github.com/arzzra/soft_phone/pkg/dialog/endpoint.go:247.21,249.4 1 0
github.com/arzzra/soft_phone/pkg/dialog/endpoint.go:254.2,254.38 1 0
github.com/arzzra/soft_phone/pkg/dialog/endpoint.go:254.38,255.41 1 0
github.com/arzzra/soft_phone/pkg/dialog/endpoint.go:255.41,256.51 1 0
github.com/arzzra/soft_phone/pkg/dialog/endpoint.go:256.51,258.5 1 0
github.com/arzzra/soft_phone/pkg/dialog/endpoint.go:262.2,262.16 1 0
github.com/arzzra/soft_phone/pkg/dialog/endpoint.go:269.54,271.32 2 0
github.com/arzzra/soft_phone/pkg/dialog/endpoint.go:271.32,273.3 1 0
github.com/arzzra/soft_phone/pkg/dialog/endpoint.go:276.2,279.38 3 0
github.com/arzzra/soft_phone/pkg/dialog/endpoint.go:279.38,281.32 2 0
github.com/arzzra/soft_phone/pkg/dialog/endpoint.go:281.32,283.4 1 0
github.com/arzzra/soft_phone/pkg/dialog/endpoint.go:287.2,290.24 2 0
github.com/arzzra/soft_phone/pkg/dialog/endpoint.go:290.24,292.3 1 0
github.com/arzzra/soft_phone/pkg/dialog/endpoint.go:295.2,296.30 2 0
github.com/arzzra/soft_phone/pkg/dialog/endpoint.go:296.30,298.18 2 0
github.com/arzzra/soft_phone/pkg/dialog/endpoint.go:298.18,300.4 1 0
github.com/arzzra/soft_phone/pkg/dialog/endpoint.go:301.3,301.32 1 0
github.com/arzzra/soft_phone/pkg/dialog/endpoint.go:305.2,308.30 3 0
github.com/arzzra/soft_phone/pkg/dialog/endpoint.go:308.30,310.18 2 0
github.com/arzzra/soft_phone/pkg/dialog/endpoint.go:310.18,312.4 1 0
github.com/arzzra/soft_phone/pkg/dialog/endpoint.go:313.3,314.32 2 0
github.com/arzzra/soft_phone/pkg/dialog/endpoint.go:314.32,316.4 1 0
github.com/arzzra/soft_phone/pkg/dialog/endpoint.go:320.2,320.20 1 0
github.com/arzzra/soft_phone/pkg/dialog/endpoint.go:326.45,329.23 2 0
github.com/arzzra/soft_phone/pkg/dialog/endpoint.go:329.23,331.3 1 0
github.com/arzzra/soft_phone/pkg/dialog/endpoint.go:332.2,335.34 2 0
github.com/arzzra/soft_phone/pkg/dialog/endpoint.go:335.34,336.31 1 0
github.com/arzzra/soft_phone/pkg/dialog/endpoint.go:336.31,338.4 1 0
github.com/arzzra/soft_phone/pkg/dialog/handlers.go:18.75,24.19 3 0
github.com/arzzra/soft_phone/pkg/dialog/handlers.go:24.19,27.17 3 0
github.com/arzzra/soft_phone/pkg/dialog/handlers.go:27.17,31.4 1 0
github.com/arzzra/soft_phone/pkg/dialog/handlers.go:32.3,32.9 1 0
github.com/arzzra/soft_phone/pkg/dialog/handlers.go:34.2,36.17 3 0
github.com/arzzra/soft_phone/pkg/dialog/handlers.go:36.17,37.9 1 0
github.com/arzzra/soft_phone/pkg/dialog/handlers.go:37.9,40.18 2 0
github.com/arzzra/soft_phone/pkg/dialog/handlers.go:40.18,47.43 2 0
github.com/arzzra/soft_phone/pkg/dialog/handlers.go:47.43,50.20 3 0
github.com/arzzra/soft_phone/pkg/dialog/handlers.go:50.20,55.7 1 0
github.com/arzzra/soft_phone/pkg/dialog/handlers.go:56.6,56.12 1 0
github.com/arzzra/soft_phone/pkg/dialog/handlers.go:60.5,63.28 2 0
github.com/arzzra/soft_phone/pkg/dialog/handlers.go:63.28,65.6 1 0
github.com/arzzra/soft_phone/pkg/dialog/handlers.go:65.11,69.20 3 0
github.com/arzzra/soft_phone/pkg/dialog/handlers.go:69.20,73.7 1 0
github.com/arzzra/soft_phone/pkg/dialog/handlers.go:76.9,79.18 3 0
github.com/arzzra/soft_phone/pkg/dialog/handlers.go:79.18,84.5 1 0
github.com/arzzra/soft_phone/pkg/dialog/handlers.go:85.4,85.10 1 0
github.com/arzzra/soft_phone/pkg/dialog/handlers.go:87.8,89.15 2 0
github.com/arzzra/soft_phone/pkg/dialog/handlers.go:89.15,93.18 3 0
github.com/arzzra/soft_phone/pkg/dialog/handlers.go:93.18,97.5 1 0
github.com/arzzra/soft_phone/pkg/dialog/handlers.go:98.4,98.10 1 0
github.com/arzzra/soft_phone/pkg/dialog/handlers.go:99.9,104.63 5 0
github.com/arzzra/soft_phone/pkg/dialog/handlers.go:104.63,107.5 2 0
github.com/arzzra/soft_phone/pkg/dialog/handlers.go:109.4,109.19 1 0
github.com/arzzra/soft_phone/pkg/dialog/handlers.go:109.19,111.5 1 0
github.com/arzzra/soft_phone/pkg/dialog/handlers.go:111.10,114.5 1 0
github.com/arzzra/soft_phone/pkg/dialog/handlers.go:120.75,127.19 3 0
github.com/arzzra/soft_phone/pkg/dialog/handlers.go:127.19,130.17 3 0
github.com/arzzra/soft_phone/pkg/dialog/handlers.go:130.17,132.4 1 0
github.com/arzzra/soft_phone/pkg/dialog/handlers.go:133.3,133.9 1 0
github.com/arzzra/soft_phone/pkg/dialog/handlers.go:136.2,138.8 3 0
github.com/arzzra/soft_phone/pkg/dialog/handlers.go:138.8,140.17 2 0
github.com/arzzra/soft_phone/pkg/dialog/handlers.go:140.17,145.4 2 0
github.com/arzzra/soft_phone/pkg/dialog/handlers.go:147.3,148.17 2 0
github.com/arzzra/soft_phone/pkg/dialog/handlers.go:148.17,153.4 1 0
github.com/arzzra/soft_phone/pkg/dialog/handlers.go:156.3,158.17 3 0
github.com/arzzra/soft_phone/pkg/dialog/handlers.go:158.17,162.4 1 0
github.com/arzzra/soft_phone/pkg/dialog/handlers.go:165.3,165.76 1 0
github.com/arzzra/soft_phone/pkg/dialog/handlers.go:165.76,167.56 2 0
github.com/arzzra/soft_phone/pkg/dialog/handlers.go:167.56,169.19 2 0
github.com/arzzra/soft_phone/pkg/dialog/handlers.go:169.19,173.6 1 0
github.com/arzzra/soft_phone/pkg/dialog/handlers.go:178.3,179.17 2 0
github.com/arzzra/soft_phone/pkg/dialog/handlers.go:179.17,183.4 1 0
github.com/arzzra/soft_phone/pkg/dialog/handlers.go:184.8,189.17 3 0
github.com/arzzra/soft_phone/pkg/dialog/handlers.go:189.17,193.4 1 0
github.com/arzzra/soft_phone/pkg/dialog/handlers.go:198.72,204.19 3 0
github.com/arzzra/soft_phone/pkg/dialog/handlers.go:204.19,207.17 3 0
github.com/arzzra/soft_phone/pkg/dialog/handlers.go:207.17,209.4 1 0
github.com/arzzra/soft_phone/pkg/dialog/handlers.go:210.3,210.9 1 0
github.com/arzzra/soft_phone/pkg/dialog/handlers.go:213.2,215.9 3 0
github.com/arzzra/soft_phone/pkg/dialog/handlers.go:215.9,218.17 3 0
github.com/arzzra/soft_phone/pkg/dialog/handlers.go:218.17,222.4 1 0
github.com/arzzra/soft_phone/pkg/dialog/handlers.go:223.3,223.9 1 0
github.com/arzzra/soft_phone/pkg/dialog/handlers.go:227.2,228.16 2 0
github.com/arzzra/soft_phone/pkg/dialog/handlers.go:228.16,232.17 2 0
github.com/arzzra/soft_phone/pkg/dialog/handlers.go:232.17,237.4 1 0
github.com/arzzra/soft_phone/pkg/dialog/handlers.go:243.2,245.16 3 0
github.com/arzzra/soft_phone/pkg/dialog/handlers.go:245.16,249.3 1 0
github.com/arzzra/soft_phone/pkg/dialog/handlers.go:252.2,252.16 1 0
github.com/arzzra/soft_phone/pkg/dialog/handlers.go:252.16,254.17 2 0
github.com/arzzra/soft_phone/pkg/dialog/handlers.go:254.17,258.4 1 0
github.com/arzzra/soft_phone/pkg/dialog/handlers.go:262.2,262.52 1 0
github.com/arzzra/soft_phone/pkg/dialog/handlers.go:266.72,272.19 3 0
github.com/arzzra/soft_phone/pkg/dialog/handlers.go:272.19,275.9 3 0
github.com/arzzra/soft_phone/pkg/dialog/handlers.go:275.9,282.4 3 0
github.com/arzzra/soft_phone/pkg/dialog/handlers.go:283.3,283.9 1 0
github.com/arzzra/soft_phone/pkg/dialog/handlers.go:285.8,288.17 3 0
github.com/arzzra/soft_phone/pkg/dialog/handlers.go:288.17,290.4 1 0
github.com/arzzra/soft_phone/pkg/dialog/handlers.go:291.3,291.9 1 0
github.com/arzzra/soft_phone/pkg/dialog/handlers.go:296.75,303.16 4 0
github.com/arzzra/soft_phone/pkg/dialog/handlers.go:303.16,307.3 1 0
github.com/arzzra/soft_phone/pkg/dialog/handlers.go:311.76,318.16 4 0
github.com/arzzra/soft_phone/pkg/dialog/handlers.go:318.16,322.3 1 0
github.com/arzzra/soft_phone/pkg/dialog/handlers.go:326.75,333.16 4 0
github.com/arzzra/soft_phone/pkg/dialog/handlers.go:333.16,337.3 1 0
github.com/arzzra/soft_phone/pkg/dialog/handlers.go:341.77,353.42 4 0
github.com/arzzra/soft_phone/pkg/dialog/handlers.go:353.42,356.17 3 0
github.com/arzzra/soft_phone/pkg/dialog/handlers.go:356.17,358.4 1 0
github.com/arzzra/soft_phone/pkg/dialog/handlers.go:359.3,359.9 1 0
github.com/arzzra/soft_phone/pkg/dialog/handlers.go:363.2,364.26 2 0
github.com/arzzra/soft_phone/pkg/dialog/handlers.go:364.26,368.17 3 0
github.com/arzzra/soft_phone/pkg/dialog/handlers.go:368.17,372.4 1 0
github.com/arzzra/soft_phone/pkg/dialog/handlers.go:373.3,373.9 1 0
github.com/arzzra/soft_phone/pkg/dialog/handlers.go:378.2,380.62 3 0
github.com/arzzra/soft_phone/pkg/dialog/handlers.go:380.62,382.3 1 0
github.com/arzzra/soft_phone/pkg/dialog/handlers.go:382.8,384.66 1 0
github.com/arzzra/soft_phone/pkg/dialog/handlers.go:384.66,385.56 1 0
github.com/arzzra/soft_phone/pkg/dialog/handlers.go:385.56,386.59 1 0
github.com/arzzra/soft_phone/pkg/dialog/handlers.go:386.59,388.6 1 0
github.com/arzzra/soft_phone/pkg/dialog/handlers.go:392.3,392.19 1 0
github.com/arzzra/soft_phone/pkg/dialog/handlers.go:392.19,394.4 1 0
github.com/arzzra/soft_phone/pkg/dialog/handlers.go:398.2,398.18 1 0
github.com/arzzra/soft_phone/pkg/dialog/handlers.go:398.18,404.29 2 0
github.com/arzzra/soft_phone/pkg/dialog/handlers.go:404.29,406.4 1 0
github.com/arzzra/soft_phone/pkg/dialog/handlers.go:407.8,409.29 1 0
github.com/arzzra/soft_phone/pkg/dialog/handlers.go:409.29,411.4 1 0
github.com/arzzra/soft_phone/pkg/dialog/handlers.go:413.3,425.37 3 0
github.com/arzzra/soft_phone/pkg/dialog/handlers.go:427.2,437.16 6 0
github.com/arzzra/soft_phone/pkg/dialog/handlers.go:437.16,441.3 1 0
github.com/arzzra/soft_phone/pkg/dialog/handlers.go:443.2,445.58 1 0
github.com/arzzra/soft_phone/pkg/dialog/map.go:13.71,18.2 1 1
github.com/arzzra/soft_phone/pkg/dialog/map.go:26.54,32.2 1 1
github.com/arzzra/soft_phone/pkg/dialog/map.go:34.81,35.65 1 0
github.com/arzzra/soft_phone/pkg/dialog/map.go:35.65,37.3 1 0
github.com/arzzra/soft_phone/pkg/dialog/map.go:38.2,38.19 1 0
github.com/arzzra/soft_phone/pkg/dialog/map.go:41.100,44.2 2 1
github.com/arzzra/soft_phone/pkg/dialog/map.go:46.84,48.2 1 1
github.com/arzzra/soft_phone/pkg/dialog/map.go:50.63,51.44 1 0
github.com/arzzra/soft_phone/pkg/dialog/map.go:51.44,54.3 2 0
github.com/arzzra/soft_phone/pkg/dialog/map.go:55.2,55.19 1 0
github.com/arzzra/soft_phone/pkg/dialog/map.go:58.90,60.16 2 0
github.com/arzzra/soft_phone/pkg/dialog/map.go:60.16,61.45 1 0
github.com/arzzra/soft_phone/pkg/dialog/map.go:61.45,63.4 1 0
github.com/arzzra/soft_phone/pkg/dialog/map.go:65.2,65.54 1 0
github.com/arzzra/soft_phone/pkg/dialog/map.go:65.54,71.3 2 0
github.com/arzzra/soft_phone/pkg/dialog/map.go:72.2,72.19 1 0
github.com/arzzra/soft_phone/pkg/dialog/opts.go:12.47,13.31 1 0
github.com/arzzra/soft_phone/pkg/dialog/opts.go:13.31,15.3 1 0
github.com/arzzra/soft_phone/pkg/dialog/opts.go:19.52,20.31 1 0
github.com/arzzra/soft_phone/pkg/dialog/opts.go:20.31,21.34 1 0
github.com/arzzra/soft_phone/pkg/dialog/opts.go:21.34,23.4 1 0
github.com/arzzra/soft_phone/pkg/dialog/opts.go:28.54,29.31 1 0
github.com/arzzra/soft_phone/pkg/dialog/opts.go:29.31,32.3 2 0
github.com/arzzra/soft_phone/pkg/dialog/opts.go:38.63,39.31 1 0
github.com/arzzra/soft_phone/pkg/dialog/opts.go:39.31,43.26 2 0
github.com/arzzra/soft_phone/pkg/dialog/opts.go:44.16,45.14 1 0
github.com/arzzra/soft_phone/pkg/dialog/opts.go:46.15,49.18 2 0
github.com/arzzra/soft_phone/pkg/dialog/opts.go:49.18,52.5 1 0
github.com/arzzra/soft_phone/pkg/dialog/opts.go:53.11,55.10 1 0
github.com/arzzra/soft_phone/pkg/dialog/opts.go:58.3,64.40 2 0
github.com/arzzra/soft_phone/pkg/dialog/opts.go:64.40,66.4 1 0
github.com/arzzra/soft_phone/pkg/dialog/opts.go:66.9,66.49 1 0
github.com/arzzra/soft_phone/pkg/dialog/opts.go:66.49,68.4 1 0
github.com/arzzra/soft_phone/pkg/dialog/opts.go:69.3,69.25 1 0
github.com/arzzra/soft_phone/pkg/dialog/opts.go:74.57,75.31 1 0
github.com/arzzra/soft_phone/pkg/dialog/opts.go:75.31,82.40 2 0
github.com/arzzra/soft_phone/pkg/dialog/opts.go:82.40,84.4 1 0
github.com/arzzra/soft_phone/pkg/dialog/opts.go:84.9,84.49 1 0
github.com/arzzra/soft_phone/pkg/dialog/opts.go:84.49,86.4 1 0
github.com/arzzra/soft_phone/pkg/dialog/opts.go:87.3,87.23 1 0
github.com/arzzra/soft_phone/pkg/dialog/opts.go:92.42,93.31 1 0
github.com/arzzra/soft_phone/pkg/dialog/opts.go:93.31,99.3 2 0
github.com/arzzra/soft_phone/pkg/dialog/opts.go:103.53,104.31 1 0
github.com/arzzra/soft_phone/pkg/dialog/opts.go:104.31,107.3 2 0
github.com/arzzra/soft_phone/pkg/dialog/opts.go:111.49,112.31 1 0
github.com/arzzra/soft_phone/pkg/dialog/opts.go:112.31,115.3 2 0
github.com/arzzra/soft_phone/pkg/dialog/opts.go:119.46,120.31 1 0
github.com/arzzra/soft_phone/pkg/dialog/opts.go:120.31,123.3 2 0
github.com/arzzra/soft_phone/pkg/dialog/opts.go:127.50,128.31 1 0
github.com/arzzra/soft_phone/pkg/dialog/opts.go:128.31,131.3 2 0
github.com/arzzra/soft_phone/pkg/dialog/opts.go:135.45,136.31 1 0
github.com/arzzra/soft_phone/pkg/dialog/opts.go:136.31,139.3 2 0
github.com/arzzra/soft_phone/pkg/dialog/opts.go:143.43,144.31 1 0
github.com/arzzra/soft_phone/pkg/dialog/opts.go:144.31,147.3 2 0
github.com/arzzra/soft_phone/pkg/dialog/opts.go:153.39,154.31 1 0
github.com/arzzra/soft_phone/pkg/dialog/opts.go:154.31,159.3 3 0
github.com/arzzra/soft_phone/pkg/dialog/opts.go:163.45,165.2 1 0
github.com/arzzra/soft_phone/pkg/dialog/opts.go:170.56,171.31 1 0
github.com/arzzra/soft_phone/pkg/dialog/opts.go:171.31,172.32 1 0
github.com/arzzra/soft_phone/pkg/dialog/opts.go:172.32,173.35 1 0
github.com/arzzra/soft_phone/pkg/dialog/opts.go:173.35,175.5 1 0
github.com/arzzra/soft_phone/pkg/dialog/opts.go:181.58,182.31 1 0
github.com/arzzra/soft_phone/pkg/dialog/opts.go:182.31,183.38 1 0
github.com/arzzra/soft_phone/pkg/dialog/opts.go:183.38,184.35 1 0
github.com/arzzra/soft_phone/pkg/dialog/opts.go:184.35,186.5 1 0
github.com/arzzra/soft_phone/pkg/dialog/opts.go:192.61,193.31 1 0
github.com/arzzra/soft_phone/pkg/dialog/opts.go:193.31,195.24 2 0
github.com/arzzra/soft_phone/pkg/dialog/opts.go:195.24,196.59 1 0
github.com/arzzra/soft_phone/pkg/dialog/opts.go:196.59,197.36 1 0
github.com/arzzra/soft_phone/pkg/dialog/opts.go:197.36,199.6 1 0
github.com/arzzra/soft_phone/pkg/dialog/opts.go:208.49,209.31 1 0
github.com/arzzra/soft_phone/pkg/dialog/opts.go:209.31,211.3 1 0
github.com/arzzra/soft_phone/pkg/dialog/opts.go:215.46,216.31 1 0
github.com/arzzra/soft_phone/pkg/dialog/opts.go:216.31,218.3 1 0
github.com/arzzra/soft_phone/pkg/dialog/opts.go:224.37,225.31 1 0
github.com/arzzra/soft_phone/pkg/dialog/opts.go:225.31,237.3 6 0
github.com/arzzra/soft_phone/pkg/dialog/opts.go:241.48,242.31 1 0
github.com/arzzra/soft_phone/pkg/dialog/opts.go:242.31,245.3 2 0
github.com/arzzra/soft_phone/pkg/dialog/opts.go:249.53,250.31 1 0
github.com/arzzra/soft_phone/pkg/dialog/opts.go:250.31,253.3 2 0
github.com/arzzra/soft_phone/pkg/dialog/opts.go:257.46,258.31 1 0
github.com/arzzra/soft_phone/pkg/dialog/opts.go:258.31,263.3 2 0
github.com/arzzra/soft_phone/pkg/dialog/opts.go:267.40,268.31 1 0
github.com/arzzra/soft_phone/pkg/dialog/opts.go:268.31,273.3 2 0
github.com/arzzra/soft_phone/pkg/dialog/opts.go:277.58,278.31 1 0
github.com/arzzra/soft_phone/pkg/dialog/opts.go:278.31,290.3 3 0
github.com/arzzra/soft_phone/pkg/dialog/opts.go:294.43,295.31 1 0
github.com/arzzra/soft_phone/pkg/dialog/opts.go:295.31,298.40 2 0
github.com/arzzra/soft_phone/pkg/dialog/opts.go:298.40,300.4 1 0
github.com/arzzra/soft_phone/pkg/dialog/opts.go:300.9,300.49 1 0
github.com/arzzra/soft_phone/pkg/dialog/opts.go:300.49,302.4 1 0
github.com/arzzra/soft_phone/pkg/dialog/opts.go:303.3,303.25 1 0
github.com/arzzra/soft_phone/pkg/dialog/opts.go:308.66,309.31 1 0
github.com/arzzra/soft_phone/pkg/dialog/opts.go:309.31,315.40 2 0
github.com/arzzra/soft_phone/pkg/dialog/opts.go:315.40,317.4 1 0
github.com/arzzra/soft_phone/pkg/dialog/opts.go:317.9,317.49 1 0
github.com/arzzra/soft_phone/pkg/dialog/opts.go:317.49,319.4 1 0
github.com/arzzra/soft_phone/pkg/dialog/opts.go:320.3,320.25 1 0
github.com/arzzra/soft_phone/pkg/dialog/opts.go:327.56,329.2 1 0
github.com/arzzra/soft_phone/pkg/dialog/opts.go:332.61,334.2 1 0
github.com/arzzra/soft_phone/pkg/dialog/opts.go:337.63,339.2 1 0
github.com/arzzra/soft_phone/pkg/dialog/opts.go:342.48,344.2 1 0
github.com/arzzra/soft_phone/pkg/dialog/opts.go:347.54,349.2 1 0
github.com/arzzra/soft_phone/pkg/dialog/opts.go:357.49,358.30 1 0
github.com/arzzra/soft_phone/pkg/dialog/opts.go:358.30,360.3 1 0
github.com/arzzra/soft_phone/pkg/dialog/opts.go:372.70,373.30 1 0
github.com/arzzra/soft_phone/pkg/dialog/opts.go:373.30,374.65 1 0
github.com/arzzra/soft_phone/pkg/dialog/opts.go:374.65,378.4 2 0
github.com/arzzra/soft_phone/pkg/dialog/opts.go:389.46,390.30 1 0
github.com/arzzra/soft_phone/pkg/dialog/opts.go:390.30,392.21 2 0
github.com/arzzra/soft_phone/pkg/dialog/opts.go:392.21,395.4 2 0
github.com/arzzra/soft_phone/pkg/dialog/opts.go:400.62,402.2 1 0
github.com/arzzra/soft_phone/pkg/dialog/opts.go:405.46,407.2 1 0
github.com/arzzra/soft_phone/pkg/dialog/opts.go:410.55,412.2 1 0
github.com/arzzra/soft_phone/pkg/dialog/opts.go:415.59,417.2 1 0
github.com/arzzra/soft_phone/pkg/dialog/opts.go:420.58,422.2 1 0
github.com/arzzra/soft_phone/pkg/dialog/opts.go:425.58,426.31 1 0
github.com/arzzra/soft_phone/pkg/dialog/opts.go:426.31,427.42 1 0
github.com/arzzra/soft_phone/pkg/dialog/opts.go:427.42,429.4 1 0
github.com/arzzra/soft_phone/pkg/dialog/opts.go:434.55,436.2 1 0
github.com/arzzra/soft_phone/pkg/dialog/opts.go:439.51,441.2 1 0
github.com/arzzra/soft_phone/pkg/dialog/opts.go:444.54,446.2 1 0
github.com/arzzra/soft_phone/pkg/dialog/opts.go:457.54,465.2 1 1
github.com/arzzra/soft_phone/pkg/dialog/opts.go:475.55,483.2 1 0
github.com/arzzra/soft_phone/pkg/dialog/opts.go:490.40,496.2 1 0
github.com/arzzra/soft_phone/pkg/dialog/opts.go:507.47,510.16 3 0
github.com/arzzra/soft_phone/pkg/dialog/opts.go:510.16,512.3 1 0
github.com/arzzra/soft_phone/pkg/dialog/opts.go:513.2,513.17 1 0
github.com/arzzra/soft_phone/pkg/dialog/profile.go:16.48,22.2 2 0
github.com/arzzra/soft_phone/pkg/dialog/profile.go:26.36,32.2 2 0
github.com/arzzra/soft_phone/pkg/dialog/requests.go:20.94,21.18 1 0
github.com/arzzra/soft_phone/pkg/dialog/requests.go:21.18,23.3 1 0
github.com/arzzra/soft_phone/pkg/dialog/requests.go:26.2,28.16 3 0
github.com/arzzra/soft_phone/pkg/dialog/requests.go:28.16,30.3 1 0
github.com/arzzra/soft_phone/pkg/dialog/requests.go:31.2,38.27 3 0
github.com/arzzra/soft_phone/pkg/dialog/requests.go:38.27,40.3 1 0
github.com/arzzra/soft_phone/pkg/dialog/requests.go:42.2,44.2 2 0
github.com/arzzra/soft_phone/pkg/dialog/requests.go:44.2,46.3 1 0
github.com/arzzra/soft_phone/pkg/dialog/requests.go:48.2,48.28 1 0
github.com/arzzra/soft_phone/pkg/dialog/requests.go:54.87,56.25 1 0
github.com/arzzra/soft_phone/pkg/dialog/requests.go:56.25,58.3 1 0
github.com/arzzra/soft_phone/pkg/dialog/requests.go:61.2,64.27 2 0
github.com/arzzra/soft_phone/pkg/dialog/requests.go:64.27,66.3 1 0
github.com/arzzra/soft_phone/pkg/dialog/requests.go:69.2,70.16 2 0
github.com/arzzra/soft_phone/pkg/dialog/requests.go:70.16,72.3 1 0
github.com/arzzra/soft_phone/pkg/dialog/requests.go:75.2,77.16 2 0
github.com/arzzra/soft_phone/pkg/dialog/requests.go:82.49,85.28 2 0
github.com/arzzra/soft_phone/pkg/dialog/requests.go:85.28,87.3 1 0
github.com/arzzra/soft_phone/pkg/dialog/requests.go:90.2,94.16 3 0
github.com/arzzra/soft_phone/pkg/dialog/requests.go:94.16,96.3 1 0
github.com/arzzra/soft_phone/pkg/dialog/requests.go:99.2,99.53 1 0
github.com/arzzra/soft_phone/pkg/dialog/requests.go:99.53,101.3 1 0
github.com/arzzra/soft_phone/pkg/dialog/requests.go:104.2,104.9 1 0
github.com/arzzra/soft_phone/pkg/dialog/requests.go:105.19,107.22 1 0
github.com/arzzra/soft_phone/pkg/dialog/requests.go:107.22,109.4 1 0
github.com/arzzra/soft_phone/pkg/dialog/requests.go:112.3,113.69 2 0
github.com/arzzra/soft_phone/pkg/dialog/requests.go:113.69,116.4 1 0
github.com/arzzra/soft_phone/pkg/dialog/requests.go:118.3,118.83 1 0
github.com/arzzra/soft_phone/pkg/dialog/requests.go:120.20,123.19 2 0
github.com/arzzra/soft_phone/pkg/dialog/requests.go:134.43,137.16 3 0
github.com/arzzra/soft_phone/pkg/dialog/requests.go:137.16,139.3 1 0
github.com/arzzra/soft_phone/pkg/dialog/requests.go:140.2,140.12 1 0
github.com/arzzra/soft_phone/pkg/dialog/requests.go:143.54,146.22 2 0
github.com/arzzra/soft_phone/pkg/dialog/requests.go:146.22,149.3 1 0
github.com/arzzra/soft_phone/pkg/dialog/requests.go:149.8,153.3 3 0
github.com/arzzra/soft_phone/pkg/dialog/requests.go:155.2,155.55 1 0
github.com/arzzra/soft_phone/pkg/dialog/requests.go:158.84,161.21 2 0
github.com/arzzra/soft_phone/pkg/dialog/requests.go:161.21,164.3 1 0
github.com/arzzra/soft_phone/pkg/dialog/requests.go:164.8,168.51 3 0
github.com/arzzra/soft_phone/pkg/dialog/requests.go:168.51,175.4 6 0
github.com/arzzra/soft_phone/pkg/dialog/requests.go:177.3,177.25 1 0
github.com/arzzra/soft_phone/pkg/dialog/requests.go:180.2,180.52 1 0
github.com/arzzra/soft_phone/pkg/dialog/requests.go:256.82,264.28 6 0
github.com/arzzra/soft_phone/pkg/dialog/requests.go:264.28,266.3 1 0
github.com/arzzra/soft_phone/pkg/dialog/requests.go:268.2,268.12 1 0
github.com/arzzra/soft_phone/pkg/dialog/requests.go:273.90,277.9 3 0
github.com/arzzra/soft_phone/pkg/dialog/requests.go:277.9,279.3 1 0
github.com/arzzra/soft_phone/pkg/dialog/requests.go:281.2,282.9 2 0
github.com/arzzra/soft_phone/pkg/dialog/requests.go:282.9,284.3 1 0
github.com/arzzra/soft_phone/pkg/dialog/requests.go:286.2,292.28 5 0
github.com/arzzra/soft_phone/pkg/dialog/requests.go:292.28,294.3 1 0
github.com/arzzra/soft_phone/pkg/dialog/requests.go:296.2,296.17 1 0
github.com/arzzra/soft_phone/pkg/dialog/responcesTX.go:10.77,14.42 2 0
github.com/arzzra/soft_phone/pkg/dialog/responcesTX.go:14.42,16.3 1 0
github.com/arzzra/soft_phone/pkg/dialog/responcesTX.go:18.2,18.17 1 0
github.com/arzzra/soft_phone/pkg/dialog/responcesTX.go:18.17,22.3 3 0
github.com/arzzra/soft_phone/pkg/dialog/responcesTX.go:24.2,24.13 1 0
github.com/arzzra/soft_phone/pkg/dialog/responcesTX.go:27.73,28.18 1 0
github.com/arzzra/soft_phone/pkg/dialog/responcesTX.go:28.18,30.3 1 0
github.com/arzzra/soft_phone/pkg/dialog/responcesTX.go:31.2,33.27 2 0
github.com/arzzra/soft_phone/pkg/dialog/responcesTX.go:33.27,35.3 1 0
github.com/arzzra/soft_phone/pkg/dialog/responcesTX.go:37.2,37.49 1 0
github.com/arzzra/soft_phone/pkg/dialog/responcesTX.go:37.49,39.17 2 0
github.com/arzzra/soft_phone/pkg/dialog/responcesTX.go:39.17,41.4 1 0
github.com/arzzra/soft_phone/pkg/dialog/responcesTX.go:42.3,42.13 1 0
github.com/arzzra/soft_phone/pkg/dialog/responcesTX.go:44.2,44.60 1 0
github.com/arzzra/soft_phone/pkg/dialog/stateTX.go:28.48,30.18 1 0
github.com/arzzra/soft_phone/pkg/dialog/stateTX.go:30.18,32.3 1 0
github.com/arzzra/soft_phone/pkg/dialog/stateTX.go:35.2,38.27 2 0
github.com/arzzra/soft_phone/pkg/dialog/stateTX.go:38.27,40.3 1 0
github.com/arzzra/soft_phone/pkg/dialog/stateTX.go:42.2,45.49 2 0
github.com/arzzra/soft_phone/pkg/dialog/stateTX.go:45.49,47.17 2 0
github.com/arzzra/soft_phone/pkg/dialog/stateTX.go:47.17,49.4 1 0
github.com/arzzra/soft_phone/pkg/dialog/stateTX.go:50.3,50.44 1 0
github.com/arzzra/soft_phone/pkg/dialog/stateTX.go:53.2,53.12 1 0
github.com/arzzra/soft_phone/pkg/dialog/stateTX.go:56.67,57.58 1 0
github.com/arzzra/soft_phone/pkg/dialog/stateTX.go:57.58,59.17 2 0
github.com/arzzra/soft_phone/pkg/dialog/stateTX.go:59.17,61.4 1 0
github.com/arzzra/soft_phone/pkg/dialog/stateTX.go:63.2,63.12 1 0
github.com/arzzra/soft_phone/pkg/dialog/stateTX.go:67.78,69.18 1 0
github.com/arzzra/soft_phone/pkg/dialog/stateTX.go:69.18,71.3 1 0
github.com/arzzra/soft_phone/pkg/dialog/stateTX.go:74.2,74.30 1 0
github.com/arzzra/soft_phone/pkg/dialog/stateTX.go:74.30,76.3 1 0
github.com/arzzra/soft_phone/pkg/dialog/stateTX.go:79.2,82.27 2 0
github.com/arzzra/soft_phone/pkg/dialog/stateTX.go:82.27,84.3 1 0
github.com/arzzra/soft_phone/pkg/dialog/stateTX.go:87.2,87.49 1 0
github.com/arzzra/soft_phone/pkg/dialog/stateTX.go:87.49,89.3 1 0
github.com/arzzra/soft_phone/pkg/dialog/stateTX.go:91.2,91.62 1 0
github.com/arzzra/soft_phone/pkg/dialog/stateTX.go:94.30,96.18 1 0
github.com/arzzra/soft_phone/pkg/dialog/stateTX.go:96.18,98.3 1 0
github.com/arzzra/soft_phone/pkg/dialog/stateTX.go:101.2,102.9 2 0
github.com/arzzra/soft_phone/pkg/dialog/stateTX.go:102.9,104.3 1 0
github.com/arzzra/soft_phone/pkg/dialog/stateTX.go:107.2,107.9 1 0
github.com/arzzra/soft_phone/pkg/dialog/stateTX.go:108.20,109.13 1 0
github.com/arzzra/soft_phone/pkg/dialog/stateTX.go:110.19,112.13 1 0
github.com/arzzra/soft_phone/pkg/dialog/stateTX.go:113.21,115.36 1 0
github.com/arzzra/soft_phone/pkg/dialog/stateTX.go:115.36,117.4 1 0
github.com/arzzra/soft_phone/pkg/dialog/stateTX.go:118.3,118.58 1 0
github.com/arzzra/soft_phone/pkg/dialog/stateTX.go:122.39,125.2 1 0
github.com/arzzra/soft_phone/pkg/dialog/stateTX.go:127.26,129.2 1 0
github.com/arzzra/soft_phone/pkg/dialog/stateTX.go:131.26,134.2 1 0
github.com/arzzra/soft_phone/pkg/dialog/stateTX.go:137.37,139.2 1 0
github.com/arzzra/soft_phone/pkg/dialog/stateTX.go:142.28,144.2 1 0
github.com/arzzra/soft_phone/pkg/dialog/stateTX.go:146.47,149.2 1 0
github.com/arzzra/soft_phone/pkg/dialog/stateTX.go:151.29,153.18 1 0
github.com/arzzra/soft_phone/pkg/dialog/stateTX.go:153.18,155.3 1 0
github.com/arzzra/soft_phone/pkg/dialog/stateTX.go:158.2,158.48 1 0
github.com/arzzra/soft_phone/pkg/dialog/stateTX.go:158.48,160.3 1 0
github.com/arzzra/soft_phone/pkg/dialog/stateTX.go:163.2,167.36 3 0
github.com/arzzra/soft_phone/pkg/dialog/stateTX.go:167.36,169.3 1 0
github.com/arzzra/soft_phone/pkg/dialog/stateTX.go:172.2,179.33 4 0
github.com/arzzra/soft_phone/pkg/dialog/stateTX.go:179.33,181.3 1 0
github.com/arzzra/soft_phone/pkg/dialog/stateTX.go:182.2,182.31 1 0
github.com/arzzra/soft_phone/pkg/dialog/stateTX.go:182.31,184.3 1 0
github.com/arzzra/soft_phone/pkg/dialog/stateTX.go:185.2,185.35 1 0
github.com/arzzra/soft_phone/pkg/dialog/stateTX.go:185.35,187.3 1 0
github.com/arzzra/soft_phone/pkg/dialog/stateTX.go:188.2,188.33 1 0
github.com/arzzra/soft_phone/pkg/dialog/stateTX.go:188.33,192.3 3 0
github.com/arzzra/soft_phone/pkg/dialog/stateTX.go:195.2,200.69 4 0
github.com/arzzra/soft_phone/pkg/dialog/stateTX.go:200.69,204.3 3 0
github.com/arzzra/soft_phone/pkg/dialog/stateTX.go:206.2,206.52 1 0
github.com/arzzra/soft_phone/pkg/dialog/stateTX.go:210.66,215.45 5 0
github.com/arzzra/soft_phone/pkg/dialog/stateTX.go:215.45,217.3 1 0
github.com/arzzra/soft_phone/pkg/dialog/stateTX.go:220.2,220.20 1 0
github.com/arzzra/soft_phone/pkg/dialog/stateTX.go:220.20,224.3 2 0
github.com/arzzra/soft_phone/pkg/dialog/stateTX.go:226.2,230.12 3 0
github.com/arzzra/soft_phone/pkg/dialog/stateTX.go:233.45,234.9 1 0
github.com/arzzra/soft_phone/pkg/dialog/stateTX.go:235.26,235.26 0 0
github.com/arzzra/soft_phone/pkg/dialog/stateTX.go:236.10,237.9 1 0
github.com/arzzra/soft_phone/pkg/dialog/stateTX.go:241.53,245.14 2 0
github.com/arzzra/soft_phone/pkg/dialog/stateTX.go:246.56,249.41 1 0
github.com/arzzra/soft_phone/pkg/dialog/stateTX.go:249.41,251.18 2 0
github.com/arzzra/soft_phone/pkg/dialog/stateTX.go:251.18,253.5 1 0
github.com/arzzra/soft_phone/pkg/dialog/stateTX.go:255.56,260.44 2 0
github.com/arzzra/soft_phone/pkg/dialog/stateTX.go:260.44,262.18 2 0
github.com/arzzra/soft_phone/pkg/dialog/stateTX.go:262.18,264.5 1 0
github.com/arzzra/soft_phone/pkg/dialog/stateTX.go:265.4,265.35 1 0
github.com/arzzra/soft_phone/pkg/dialog/stateTX.go:268.56,270.70 1 0
github.com/arzzra/soft_phone/pkg/dialog/stateTX.go:271.56,273.74 1 0
github.com/arzzra/soft_phone/pkg/dialog/stateTX.go:274.56,276.74 1 0
github.com/arzzra/soft_phone/pkg/dialog/stateTX.go:277.56,279.76 1 0
github.com/arzzra/soft_phone/pkg/dialog/stateTX.go:280.10,282.85 1 0
github.com/arzzra/soft_phone/pkg/dialog/stateTX.go:287.48,289.19 1 0
github.com/arzzra/soft_phone/pkg/dialog/stateTX.go:289.19,291.3 1 0
github.com/arzzra/soft_phone/pkg/dialog/stateTX.go:294.2,295.77 2 0
github.com/arzzra/soft_phone/pkg/dialog/stateTX.go:295.77,296.53 1 0
github.com/arzzra/soft_phone/pkg/dialog/stateTX.go:296.53,304.4 3 0
github.com/arzzra/soft_phone/pkg/dialog/stateTX.go:308.29,311.6 2 0
github.com/arzzra/soft_phone/pkg/dialog/stateTX.go:311.6,312.10 1 0
github.com/arzzra/soft_phone/pkg/dialog/stateTX.go:313.20,315.10 2 0
github.com/arzzra/soft_phone/pkg/dialog/stateTX.go:316.33,319.22 3 0
github.com/arzzra/soft_phone/pkg/dialog/stateTX.go:325.37,327.2 1 0
github.com/arzzra/soft_phone/pkg/dialog/stateTX.go:330.30,332.2 1 0
github.com/arzzra/soft_phone/pkg/dialog/stateTX.go:335.30,337.2 1 0
github.com/arzzra/soft_phone/pkg/dialog/stateTX.go:340.47,342.8 2 0
github.com/arzzra/soft_phone/pkg/dialog/stateTX.go:342.8,344.3 1 0
github.com/arzzra/soft_phone/pkg/dialog/stateTX.go:345.2,345.12 1 0
github.com/arzzra/soft_phone/pkg/dialog/stateTX.go:349.47,351.8 2 0
github.com/arzzra/soft_phone/pkg/dialog/stateTX.go:351.8,353.3 1 0
github.com/arzzra/soft_phone/pkg/dialog/stateTX.go:354.2,354.12 1 0
github.com/arzzra/soft_phone/pkg/dialog/stateTX.go:357.41,358.22 1 0
github.com/arzzra/soft_phone/pkg/dialog/stateTX.go:358.22,361.3 2 0
github.com/arzzra/soft_phone/pkg/dialog/stateTX.go:362.2,362.9 1 0
github.com/arzzra/soft_phone/pkg/dialog/stateTX.go:363.24,363.24 0 0
github.com/arzzra/soft_phone/pkg/dialog/stateTX.go:364.10,365.9 1 0
github.com/arzzra/soft_phone/pkg/dialog/state_events.go:70.73,72.2 1 1
github.com/arzzra/soft_phone/pkg/dialog/state_events.go:83.51,84.20 1 1
github.com/arzzra/soft_phone/pkg/dialog/state_events.go:84.20,86.3 1 1
github.com/arzzra/soft_phone/pkg/dialog/state_events.go:87.2,91.3 1 1
github.com/arzzra/soft_phone/pkg/dialog/state_events.go:95.58,100.30 3 1
github.com/arzzra/soft_phone/pkg/dialog/state_events.go:100.30,102.3 1 1
github.com/arzzra/soft_phone/pkg/dialog/state_events.go:105.2,108.35 2 1
github.com/arzzra/soft_phone/pkg/dialog/state_events.go:108.35,110.3 1 1
github.com/arzzra/soft_phone/pkg/dialog/state_events.go:113.2,113.40 1 1
github.com/arzzra/soft_phone/pkg/dialog/state_events.go:113.40,117.13 3 1
github.com/arzzra/soft_phone/pkg/dialog/state_events.go:117.13,119.17 1 1
github.com/arzzra/soft_phone/pkg/dialog/state_events.go:119.17,120.33 1 1
github.com/arzzra/soft_phone/pkg/dialog/state_events.go:120.34,122.6 0 0
github.com/arzzra/soft_phone/pkg/dialog/state_events.go:124.4,124.31 1 1
github.com/arzzra/soft_phone/pkg/dialog/state_events.go:130.56,137.2 5 1
github.com/arzzra/soft_phone/pkg/dialog/state_events.go:140.58,144.25 3 1
github.com/arzzra/soft_phone/pkg/dialog/state_events.go:144.25,146.3 1 1
github.com/arzzra/soft_phone/pkg/dialog/state_events.go:149.2,150.15 2 1
github.com/arzzra/soft_phone/pkg/dialog/state_events.go:154.91,159.34 4 1
github.com/arzzra/soft_phone/pkg/dialog/state_events.go:159.34,160.35 1 1
github.com/arzzra/soft_phone/pkg/dialog/state_events.go:160.35,162.4 1 1
github.com/arzzra/soft_phone/pkg/dialog/state_events.go:164.2,164.15 1 1
github.com/arzzra/soft_phone/pkg/dialog/state_events.go:168.80,173.34 4 1
github.com/arzzra/soft_phone/pkg/dialog/state_events.go:173.34,174.57 1 1
github.com/arzzra/soft_phone/pkg/dialog/state_events.go:174.57,176.4 1 1
github.com/arzzra/soft_phone/pkg/dialog/state_events.go:178.2,178.15 1 1
github.com/arzzra/soft_phone/pkg/dialog/state_events.go:182.67,187.2 3 1
github.com/arzzra/soft_phone/pkg/dialog/state_events.go:190.70,194.33 3 0
github.com/arzzra/soft_phone/pkg/dialog/state_events.go:194.33,195.20 1 0
github.com/arzzra/soft_phone/pkg/dialog/state_events.go:195.20,197.9 2 0
github.com/arzzra/soft_phone/pkg/dialog/state_events.go:203.33,208.2 3 1
github.com/arzzra/soft_phone/pkg/dialog/state_events.go:213.92,225.43 2 1
github.com/arzzra/soft_phone/pkg/dialog/state_events.go:225.43,227.3 1 1
github.com/arzzra/soft_phone/pkg/dialog/state_events.go:228.2,228.37 1 1
github.com/arzzra/soft_phone/pkg/dialog/state_events.go:228.37,230.3 1 1
github.com/arzzra/soft_phone/pkg/dialog/state_events.go:231.2,231.31 1 1
github.com/arzzra/soft_phone/pkg/dialog/state_events.go:231.31,233.3 1 1
github.com/arzzra/soft_phone/pkg/dialog/state_events.go:235.2,235.14 1 1
github.com/arzzra/soft_phone/pkg/dialog/state_events.go:239.95,251.38 2 1
github.com/arzzra/soft_phone/pkg/dialog/state_events.go:251.38,254.3 2 1
github.com/arzzra/soft_phone/pkg/dialog/state_events.go:257.2,257.44 1 1
github.com/arzzra/soft_phone/pkg/dialog/state_events.go:257.44,259.3 1 1
github.com/arzzra/soft_phone/pkg/dialog/state_events.go:260.2,262.14 2 1
github.com/arzzra/soft_phone/pkg/dialog/state_events.go:266.91,276.2 1 1
github.com/arzzra/soft_phone/pkg/dialog/state_events.go:279.85,289.2 1 1
github.com/arzzra/soft_phone/pkg/dialog/state_events.go:292.80,303.2 1 1
github.com/arzzra/soft_phone/pkg/dialog/state_events.go:306.44,316.2 1 1
github.com/arzzra/soft_phone/pkg/dialog/state_events.go:319.43,321.2 1 1
github.com/arzzra/soft_phone/pkg/dialog/state_events.go:324.53,326.2 1 1
github.com/arzzra/soft_phone/pkg/dialog/transport.go:65.45,67.17 1 0
github.com/arzzra/soft_phone/pkg/dialog/transport.go:68.75,68.75 0 0
github.com/arzzra/soft_phone/pkg/dialog/transport.go:70.10,71.69 1 0
github.com/arzzra/soft_phone/pkg/dialog/transport.go:72.10,73.87 1 0
github.com/arzzra/soft_phone/pkg/dialog/transport.go:77.2,77.54 1 0
github.com/arzzra/soft_phone/pkg/dialog/transport.go:77.54,79.3 1 0
github.com/arzzra/soft_phone/pkg/dialog/transport.go:82.2,82.55 1 0
github.com/arzzra/soft_phone/pkg/dialog/transport.go:82.55,83.22 1 0
github.com/arzzra/soft_phone/pkg/dialog/transport.go:83.22,85.4 1 0
github.com/arzzra/soft_phone/pkg/dialog/transport.go:86.3,86.41 1 0
github.com/arzzra/soft_phone/pkg/dialog/transport.go:86.41,88.4 1 0
github.com/arzzra/soft_phone/pkg/dialog/transport.go:92.2,92.44 1 0
github.com/arzzra/soft_phone/pkg/dialog/transport.go:92.44,94.3 1 0
github.com/arzzra/soft_phone/pkg/dialog/transport.go:97.2,97.45 1 0
github.com/arzzra/soft_phone/pkg/dialog/transport.go:97.45,99.3 1 0
github.com/arzzra/soft_phone/pkg/dialog/transport.go:101.2,101.12 1 0
github.com/arzzra/soft_phone/pkg/dialog/transport.go:109.49,110.17 1 0
github.com/arzzra/soft_phone/pkg/dialog/transport.go:111.34,112.14 1 0
github.com/arzzra/soft_phone/pkg/dialog/transport.go:113.10,114.14 1 0
github.com/arzzra/soft_phone/pkg/dialog/transport.go:121.44,123.2 1 0
github.com/arzzra/soft_phone/pkg/dialog/transport.go:131.56,133.15 2 0
github.com/arzzra/soft_phone/pkg/dialog/transport.go:133.15,135.3 1 0
github.com/arzzra/soft_phone/pkg/dialog/transport.go:137.2,140.76 2 0
github.com/arzzra/soft_phone/pkg/dialog/transport.go:140.76,142.3 1 0
github.com/arzzra/soft_phone/pkg/dialog/transport.go:144.2,144.15 1 0
github.com/arzzra/soft_phone/pkg/dialog/transport.go:150.53,151.15 1 0
github.com/arzzra/soft_phone/pkg/dialog/transport.go:151.15,153.3 1 0
github.com/arzzra/soft_phone/pkg/dialog/transport.go:155.2,166.14 2 0
github.com/arzzra/soft_phone/pkg/dialog/uacuas.go:84.45,86.36 1 1
github.com/arzzra/soft_phone/pkg/dialog/uacuas.go:86.36,88.3 1 0
github.com/arzzra/soft_phone/pkg/dialog/uacuas.go:91.2,92.21 2 1
github.com/arzzra/soft_phone/pkg/dialog/uacuas.go:92.21,94.3 1 1
github.com/arzzra/soft_phone/pkg/dialog/uacuas.go:96.2,97.16 2 1
github.com/arzzra/soft_phone/pkg/dialog/uacuas.go:97.16,99.3 1 0
github.com/arzzra/soft_phone/pkg/dialog/uacuas.go:100.2,101.16 2 1
github.com/arzzra/soft_phone/pkg/dialog/uacuas.go:101.16,103.3 1 0
github.com/arzzra/soft_phone/pkg/dialog/uacuas.go:104.2,105.16 2 1
github.com/arzzra/soft_phone/pkg/dialog/uacuas.go:105.16,107.3 1 0
github.com/arzzra/soft_phone/pkg/dialog/uacuas.go:109.2,117.25 5 1
github.com/arzzra/soft_phone/pkg/dialog/uacuas.go:117.25,117.53 1 0
github.com/arzzra/soft_phone/pkg/dialog/uacuas.go:118.2,118.28 1 1
github.com/arzzra/soft_phone/pkg/dialog/uacuas.go:118.28,118.57 1 0
github.com/arzzra/soft_phone/pkg/dialog/uacuas.go:121.2,121.24 1 1
github.com/arzzra/soft_phone/pkg/dialog/uacuas.go:121.24,125.26 3 1
github.com/arzzra/soft_phone/pkg/dialog/uacuas.go:125.26,128.4 2 0
github.com/arzzra/soft_phone/pkg/dialog/uacuas.go:129.3,130.29 2 1
github.com/arzzra/soft_phone/pkg/dialog/uacuas.go:130.29,133.4 2 1
github.com/arzzra/soft_phone/pkg/dialog/uacuas.go:135.3,135.36 1 1
github.com/arzzra/soft_phone/pkg/dialog/uacuas.go:135.36,137.4 1 0
github.com/arzzra/soft_phone/pkg/dialog/uacuas.go:138.8,140.3 1 0
github.com/arzzra/soft_phone/pkg/dialog/uacuas.go:142.2,142.16 1 1
github.com/arzzra/soft_phone/pkg/dialog/uacuas.go:145.49,155.2 1 0
github.com/arzzra/soft_phone/pkg/dialog/uacuas.go:157.44,161.40 3 1
github.com/arzzra/soft_phone/pkg/dialog/uacuas.go:161.40,164.3 2 1
github.com/arzzra/soft_phone/pkg/dialog/uacuas.go:166.2,171.11 2 1
github.com/arzzra/soft_phone/pkg/dialog/uacuas.go:174.62,175.41 1 0
github.com/arzzra/soft_phone/pkg/dialog/uacuas.go:175.41,177.3 1 0
github.com/arzzra/soft_phone/pkg/dialog/uacuas.go:180.2,182.47 2 0
github.com/arzzra/soft_phone/pkg/dialog/uacuas.go:182.47,187.52 2 0
github.com/arzzra/soft_phone/pkg/dialog/uacuas.go:187.52,189.4 1 0
github.com/arzzra/soft_phone/pkg/dialog/uacuas.go:192.3,193.32 2 0
github.com/arzzra/soft_phone/pkg/dialog/uacuas.go:193.32,195.4 1 0
github.com/arzzra/soft_phone/pkg/dialog/uacuas.go:198.3,198.21 1 0
github.com/arzzra/soft_phone/pkg/dialog/uacuas.go:198.21,199.32 1 0
github.com/arzzra/soft_phone/pkg/dialog/uacuas.go:200.22,201.50 1 0
github.com/arzzra/soft_phone/pkg/dialog/uacuas.go:202.22,203.50 1 0
github.com/arzzra/soft_phone/pkg/dialog/uacuas.go:204.21,205.49 1 0
github.com/arzzra/soft_phone/pkg/dialog/uacuas.go:206.22,208.91 1 0
github.com/arzzra/soft_phone/pkg/dialog/uacuas.go:209.22,211.91 1 0
github.com/arzzra/soft_phone/pkg/dialog/uacuas.go:212.12,213.112 1 0
github.com/arzzra/soft_phone/pkg/dialog/uacuas.go:219.2,219.17 1 0
github.com/arzzra/soft_phone/pkg/dialog/uacuas.go:223.51,224.14 1 0
github.com/arzzra/soft_phone/pkg/dialog/uacuas.go:224.14,230.48 3 0
github.com/arzzra/soft_phone/pkg/dialog/uacuas.go:230.48,231.31 1 0
github.com/arzzra/soft_phone/pkg/dialog/uacuas.go:231.31,234.10 3 0
github.com/arzzra/soft_phone/pkg/dialog/uacuas.go:238.3,238.88 1 0
github.com/arzzra/soft_phone/pkg/dialog/uacuas.go:240.2,240.26 1 0
github.com/arzzra/soft_phone/pkg/dialog/uacuas.go:243.49,245.2 1 0
github.com/arzzra/soft_phone/pkg/dialog/uacuas.go:247.31,256.2 8 1
github.com/arzzra/soft_phone/pkg/dialog/uacuas.go:258.51,260.2 1 0
github.com/arzzra/soft_phone/pkg/dialog/uacuas.go:262.51,264.2 1 1
github.com/arzzra/soft_phone/pkg/dialog/uacuas.go:266.48,273.2 2 1
github.com/arzzra/soft_phone/pkg/dialog/uacuas.go:276.57,278.2 1 0
github.com/arzzra/soft_phone/pkg/dialog/uacuas.go:281.53,283.2 1 0
github.com/arzzra/soft_phone/pkg/dialog/utils.go:8.41,10.2 1 0
github.com/arzzra/soft_phone/pkg/dialog/utils.go:13.38,15.2 1 0
github.com/arzzra/soft_phone/pkg/dialog/utils.go:18.53,21.2 2 0
github.com/arzzra/soft_phone/pkg/dialog/utils.go:24.34,26.2 1 0
github.com/arzzra/soft_phone/pkg/dialog/utils.go:30.48,32.2 1 0
github.com/arzzra/soft_phone/pkg/dialog/utils.go:35.52,37.2 1 0
github.com/arzzra/soft_phone/pkg/dialog/utils.go:40.53,42.2 1 0
github.com/arzzra/soft_phone/pkg/dialog/utils.go:45.41,48.2 2 0
github.com/arzzra/soft_phone/pkg/dialog/utils.go:51.42,54.2 2 0
github.com/arzzra/soft_phone/pkg/dialog/utils.go:65.35,67.2 1 0
github.com/arzzra/soft_phone/pkg/dialog/utils.go:70.34,72.2 1 0
github.com/arzzra/soft_phone/pkg/dialog/utils.go:75.75,79.2 3 0
github.com/arzzra/soft_phone/pkg/dialog/utils.go:82.74,86.2 3 0
github.com/arzzra/soft_phone/pkg/dialog/utils.go:90.41,91.37 1 0
github.com/arzzra/soft_phone/pkg/dialog/utils.go:91.37,92.44 1 0
github.com/arzzra/soft_phone/pkg/dialog/utils.go:92.44,94.4 1 0
github.com/arzzra/soft_phone/pkg/dialog/utils.go:97.2,97.11 1 0
github.com/arzzra/soft_phone/pkg/dialog/utils.go:102.39,103.31 1 0
github.com/arzzra/soft_phone/pkg/dialog/utils.go:103.31,104.42 1 0
github.com/arzzra/soft_phone/pkg/dialog/utils.go:104.42,106.4 1 0
github.com/arzzra/soft_phone/pkg/dialog/utils.go:109.2,109.11 1 0
github.com/arzzra/soft_phone/pkg/dialog/utils.go:115.42,116.40 1 0
github.com/arzzra/soft_phone/pkg/dialog/utils.go:116.40,117.52 1 0
github.com/arzzra/soft_phone/pkg/dialog/utils.go:117.52,119.4 1 0
github.com/arzzra/soft_phone/pkg/dialog/utils.go:122.2,122.11 1 0
