mode: set
github.com/arzzra/soft_phone/pkg/sip/dialog/dialog.go:63.120,68.12 3 1
github.com/arzzra/soft_phone/pkg/sip/dialog/dialog.go:68.12,70.3 1 1
github.com/arzzra/soft_phone/pkg/sip/dialog/dialog.go:72.2,90.55 2 1
github.com/arzzra/soft_phone/pkg/sip/dialog/dialog.go:90.55,92.3 1 1
github.com/arzzra/soft_phone/pkg/sip/dialog/dialog.go:94.2,94.10 1 1
github.com/arzzra/soft_phone/pkg/sip/dialog/dialog.go:98.34,100.2 1 1
github.com/arzzra/soft_phone/pkg/sip/dialog/dialog.go:103.38,105.2 1 1
github.com/arzzra/soft_phone/pkg/sip/dialog/dialog.go:108.36,110.2 1 1
github.com/arzzra/soft_phone/pkg/sip/dialog/dialog.go:113.37,115.2 1 1
github.com/arzzra/soft_phone/pkg/sip/dialog/dialog.go:118.73,124.63 4 1
github.com/arzzra/soft_phone/pkg/sip/dialog/dialog.go:124.63,126.3 1 0
github.com/arzzra/soft_phone/pkg/sip/dialog/dialog.go:129.2,129.23 1 1
github.com/arzzra/soft_phone/pkg/sip/dialog/dialog.go:129.23,131.3 1 0
github.com/arzzra/soft_phone/pkg/sip/dialog/dialog.go:134.2,137.27 2 1
github.com/arzzra/soft_phone/pkg/sip/dialog/dialog.go:137.27,139.3 1 0
github.com/arzzra/soft_phone/pkg/sip/dialog/dialog.go:142.2,142.54 1 1
github.com/arzzra/soft_phone/pkg/sip/dialog/dialog.go:142.54,144.3 1 0
github.com/arzzra/soft_phone/pkg/sip/dialog/dialog.go:147.2,147.70 1 1
github.com/arzzra/soft_phone/pkg/sip/dialog/dialog.go:147.70,149.3 1 0
github.com/arzzra/soft_phone/pkg/sip/dialog/dialog.go:151.2,151.12 1 0
github.com/arzzra/soft_phone/pkg/sip/dialog/dialog.go:155.77,161.63 4 0
github.com/arzzra/soft_phone/pkg/sip/dialog/dialog.go:161.63,163.3 1 0
github.com/arzzra/soft_phone/pkg/sip/dialog/dialog.go:166.2,166.31 1 0
github.com/arzzra/soft_phone/pkg/sip/dialog/dialog.go:166.31,168.3 1 0
github.com/arzzra/soft_phone/pkg/sip/dialog/dialog.go:171.2,171.23 1 0
github.com/arzzra/soft_phone/pkg/sip/dialog/dialog.go:171.23,173.3 1 0
github.com/arzzra/soft_phone/pkg/sip/dialog/dialog.go:176.2,179.54 2 0
github.com/arzzra/soft_phone/pkg/sip/dialog/dialog.go:179.54,181.3 1 0
github.com/arzzra/soft_phone/pkg/sip/dialog/dialog.go:184.2,184.71 1 0
github.com/arzzra/soft_phone/pkg/sip/dialog/dialog.go:184.71,186.3 1 0
github.com/arzzra/soft_phone/pkg/sip/dialog/dialog.go:188.2,188.12 1 0
github.com/arzzra/soft_phone/pkg/sip/dialog/dialog.go:192.64,197.37 3 0
github.com/arzzra/soft_phone/pkg/sip/dialog/dialog.go:197.37,199.3 1 0
github.com/arzzra/soft_phone/pkg/sip/dialog/dialog.go:202.2,203.18 2 0
github.com/arzzra/soft_phone/pkg/sip/dialog/dialog.go:203.18,205.3 1 0
github.com/arzzra/soft_phone/pkg/sip/dialog/dialog.go:208.2,209.16 2 0
github.com/arzzra/soft_phone/pkg/sip/dialog/dialog.go:209.16,211.3 1 0
github.com/arzzra/soft_phone/pkg/sip/dialog/dialog.go:214.2,217.44 2 0
github.com/arzzra/soft_phone/pkg/sip/dialog/dialog.go:217.44,219.3 1 0
github.com/arzzra/soft_phone/pkg/sip/dialog/dialog.go:222.2,222.64 1 0
github.com/arzzra/soft_phone/pkg/sip/dialog/dialog.go:222.64,224.3 1 0
github.com/arzzra/soft_phone/pkg/sip/dialog/dialog.go:227.2,229.12 2 0
github.com/arzzra/soft_phone/pkg/sip/dialog/dialog.go:233.54,237.2 3 0
github.com/arzzra/soft_phone/pkg/sip/dialog/dialog.go:240.40,244.2 3 0
github.com/arzzra/soft_phone/pkg/sip/dialog/dialog.go:247.32,254.43 4 1
github.com/arzzra/soft_phone/pkg/sip/dialog/dialog.go:254.43,256.3 1 0
github.com/arzzra/soft_phone/pkg/sip/dialog/dialog.go:259.2,263.12 4 1
github.com/arzzra/soft_phone/pkg/sip/dialog/dialog.go:267.85,272.44 3 0
github.com/arzzra/soft_phone/pkg/sip/dialog/dialog.go:272.44,274.3 1 0
github.com/arzzra/soft_phone/pkg/sip/dialog/dialog.go:277.2,278.17 2 0
github.com/arzzra/soft_phone/pkg/sip/dialog/dialog.go:278.17,280.3 1 0
github.com/arzzra/soft_phone/pkg/sip/dialog/dialog.go:283.2,284.16 2 0
github.com/arzzra/soft_phone/pkg/sip/dialog/dialog.go:284.16,286.3 1 0
github.com/arzzra/soft_phone/pkg/sip/dialog/dialog.go:289.2,292.44 2 0
github.com/arzzra/soft_phone/pkg/sip/dialog/dialog.go:292.44,294.3 1 0
github.com/arzzra/soft_phone/pkg/sip/dialog/dialog.go:296.2,296.12 1 0
github.com/arzzra/soft_phone/pkg/sip/dialog/dialog.go:300.58,301.22 1 0
github.com/arzzra/soft_phone/pkg/sip/dialog/dialog.go:301.22,303.3 1 0
github.com/arzzra/soft_phone/pkg/sip/dialog/dialog.go:305.2,312.22 5 0
github.com/arzzra/soft_phone/pkg/sip/dialog/dialog.go:312.22,314.3 1 0
github.com/arzzra/soft_phone/pkg/sip/dialog/dialog.go:316.2,317.16 2 0
github.com/arzzra/soft_phone/pkg/sip/dialog/dialog.go:317.16,319.3 1 0
github.com/arzzra/soft_phone/pkg/sip/dialog/dialog.go:321.2,321.26 1 0
github.com/arzzra/soft_phone/pkg/sip/dialog/dialog.go:321.26,323.3 1 0
github.com/arzzra/soft_phone/pkg/sip/dialog/dialog.go:326.2,326.57 1 0
github.com/arzzra/soft_phone/pkg/sip/dialog/dialog.go:326.57,328.3 1 0
github.com/arzzra/soft_phone/pkg/sip/dialog/dialog.go:331.2,331.63 1 0
github.com/arzzra/soft_phone/pkg/sip/dialog/dialog.go:331.64,333.3 0 0
github.com/arzzra/soft_phone/pkg/sip/dialog/dialog.go:336.2,336.65 1 0
github.com/arzzra/soft_phone/pkg/sip/dialog/dialog.go:336.65,338.3 1 0
github.com/arzzra/soft_phone/pkg/sip/dialog/dialog.go:341.2,341.37 1 0
github.com/arzzra/soft_phone/pkg/sip/dialog/dialog.go:341.37,344.3 2 0
github.com/arzzra/soft_phone/pkg/sip/dialog/dialog.go:346.2,346.12 1 0
github.com/arzzra/soft_phone/pkg/sip/dialog/dialog.go:350.75,351.24 1 0
github.com/arzzra/soft_phone/pkg/sip/dialog/dialog.go:351.24,353.3 1 0
github.com/arzzra/soft_phone/pkg/sip/dialog/dialog.go:355.2,361.73 4 0
github.com/arzzra/soft_phone/pkg/sip/dialog/dialog.go:361.74,363.3 0 0
github.com/arzzra/soft_phone/pkg/sip/dialog/dialog.go:366.2,366.75 1 0
github.com/arzzra/soft_phone/pkg/sip/dialog/dialog.go:366.75,368.3 1 0
github.com/arzzra/soft_phone/pkg/sip/dialog/dialog.go:371.2,371.38 1 0
github.com/arzzra/soft_phone/pkg/sip/dialog/dialog.go:371.38,374.3 2 0
github.com/arzzra/soft_phone/pkg/sip/dialog/dialog.go:376.2,376.12 1 0
github.com/arzzra/soft_phone/pkg/sip/dialog/dialog.go:380.62,391.13 4 0
github.com/arzzra/soft_phone/pkg/sip/dialog/dialog.go:391.13,394.3 2 0
github.com/arzzra/soft_phone/pkg/sip/dialog/dialog.go:394.8,397.3 2 0
github.com/arzzra/soft_phone/pkg/sip/dialog/dialog.go:400.2,417.31 10 0
github.com/arzzra/soft_phone/pkg/sip/dialog/dialog.go:417.31,419.3 1 0
github.com/arzzra/soft_phone/pkg/sip/dialog/dialog.go:422.2,424.12 2 0
github.com/arzzra/soft_phone/pkg/sip/dialog/dialog.go:428.74,429.54 1 1
github.com/arzzra/soft_phone/pkg/sip/dialog/dialog.go:429.54,431.3 1 0
github.com/arzzra/soft_phone/pkg/sip/dialog/dialog.go:433.2,442.50 6 1
github.com/arzzra/soft_phone/pkg/sip/dialog/dialog.go:442.50,444.3 1 1
github.com/arzzra/soft_phone/pkg/sip/dialog/dialog.go:445.2,452.27 4 1
github.com/arzzra/soft_phone/pkg/sip/dialog/dialog.go:452.27,454.3 1 1
github.com/arzzra/soft_phone/pkg/sip/dialog/dialog.go:457.2,457.31 1 1
github.com/arzzra/soft_phone/pkg/sip/dialog/dialog.go:457.31,460.3 2 1
github.com/arzzra/soft_phone/pkg/sip/dialog/dialog.go:463.2,464.34 2 1
github.com/arzzra/soft_phone/pkg/sip/dialog/dialog.go:464.34,466.3 1 0
github.com/arzzra/soft_phone/pkg/sip/dialog/dialog.go:469.2,469.33 1 1
github.com/arzzra/soft_phone/pkg/sip/dialog/dialog.go:469.33,472.3 2 0
github.com/arzzra/soft_phone/pkg/sip/dialog/dialog.go:474.2,474.13 1 1
github.com/arzzra/soft_phone/pkg/sip/dialog/dialog.go:478.66,480.15 2 0
github.com/arzzra/soft_phone/pkg/sip/dialog/dialog.go:480.15,482.3 1 0
github.com/arzzra/soft_phone/pkg/sip/dialog/dialog.go:483.2,483.13 1 0
github.com/arzzra/soft_phone/pkg/sip/dialog/dialog.go:487.42,489.2 1 0
github.com/arzzra/soft_phone/pkg/sip/dialog/dialog.go:492.43,495.2 1 0
github.com/arzzra/soft_phone/pkg/sip/dialog/dialog.go:498.86,499.9 1 0
github.com/arzzra/soft_phone/pkg/sip/dialog/dialog.go:500.20,501.9 1 0
github.com/arzzra/soft_phone/pkg/sip/dialog/dialog.go:502.29,507.64 3 0
github.com/arzzra/soft_phone/pkg/sip/dialog/dialog.go:507.64,510.4 1 0
github.com/arzzra/soft_phone/pkg/sip/dialog/dialog.go:515.55,520.31 4 1
github.com/arzzra/soft_phone/pkg/sip/dialog/dialog.go:520.31,522.3 1 0
github.com/arzzra/soft_phone/pkg/sip/dialog/dialog.go:526.40,531.31 4 0
github.com/arzzra/soft_phone/pkg/sip/dialog/dialog.go:531.31,533.3 1 0
github.com/arzzra/soft_phone/pkg/sip/dialog/dialog.go:537.37,541.2 3 0
github.com/arzzra/soft_phone/pkg/sip/dialog/dialog.go:544.49,548.2 3 0
github.com/arzzra/soft_phone/pkg/sip/dialog/dialog.go:551.67,557.37 4 1
github.com/arzzra/soft_phone/pkg/sip/dialog/dialog.go:557.37,558.60 1 1
github.com/arzzra/soft_phone/pkg/sip/dialog/dialog.go:558.60,559.62 1 1
github.com/arzzra/soft_phone/pkg/sip/dialog/dialog.go:559.62,561.5 1 1
github.com/arzzra/soft_phone/pkg/sip/dialog/interface.go:147.37,149.2 1 0
github.com/arzzra/soft_phone/pkg/sip/dialog/key.go:23.74,26.18 2 0
github.com/arzzra/soft_phone/pkg/sip/dialog/key.go:26.18,31.3 1 0
github.com/arzzra/soft_phone/pkg/sip/dialog/key.go:34.2,35.22 2 0
github.com/arzzra/soft_phone/pkg/sip/dialog/key.go:35.22,40.3 1 0
github.com/arzzra/soft_phone/pkg/sip/dialog/key.go:41.2,42.19 2 0
github.com/arzzra/soft_phone/pkg/sip/dialog/key.go:42.19,47.3 1 0
github.com/arzzra/soft_phone/pkg/sip/dialog/key.go:50.2,51.20 2 0
github.com/arzzra/soft_phone/pkg/sip/dialog/key.go:51.20,56.3 1 0
github.com/arzzra/soft_phone/pkg/sip/dialog/key.go:57.2,61.11 3 0
github.com/arzzra/soft_phone/pkg/sip/dialog/key.go:61.11,65.3 2 0
github.com/arzzra/soft_phone/pkg/sip/dialog/key.go:65.8,69.3 2 0
github.com/arzzra/soft_phone/pkg/sip/dialog/key.go:71.2,75.8 1 0
github.com/arzzra/soft_phone/pkg/sip/dialog/key.go:82.32,86.2 1 0
github.com/arzzra/soft_phone/pkg/sip/dialog/key.go:91.39,94.20 2 1
github.com/arzzra/soft_phone/pkg/sip/dialog/key.go:94.20,96.3 1 1
github.com/arzzra/soft_phone/pkg/sip/dialog/key.go:99.2,101.68 3 0
github.com/arzzra/soft_phone/pkg/sip/dialog/key.go:101.68,103.3 1 0
github.com/arzzra/soft_phone/pkg/sip/dialog/key.go:105.2,105.26 1 0
github.com/arzzra/soft_phone/pkg/sip/dialog/key.go:109.46,112.24 3 1
github.com/arzzra/soft_phone/pkg/sip/dialog/key.go:112.24,114.16 2 1
github.com/arzzra/soft_phone/pkg/sip/dialog/key.go:114.16,116.4 1 1
github.com/arzzra/soft_phone/pkg/sip/dialog/key.go:117.3,120.63 2 0
github.com/arzzra/soft_phone/pkg/sip/dialog/key.go:120.63,122.4 1 0
github.com/arzzra/soft_phone/pkg/sip/dialog/key.go:123.3,123.8 1 0
github.com/arzzra/soft_phone/pkg/sip/dialog/key.go:125.2,125.11 1 0
github.com/arzzra/soft_phone/pkg/sip/dialog/key.go:129.42,130.26 1 1
github.com/arzzra/soft_phone/pkg/sip/dialog/key.go:130.26,132.3 1 0
github.com/arzzra/soft_phone/pkg/sip/dialog/key.go:133.2,133.43 1 1
github.com/arzzra/soft_phone/pkg/sip/dialog/key.go:133.43,134.35 1 1
github.com/arzzra/soft_phone/pkg/sip/dialog/key.go:134.35,136.4 1 0
github.com/arzzra/soft_phone/pkg/sip/dialog/key.go:138.2,138.11 1 1
github.com/arzzra/soft_phone/pkg/sip/dialog/key.go:142.46,148.24 3 0
github.com/arzzra/soft_phone/pkg/sip/dialog/key.go:148.24,151.3 1 0
github.com/arzzra/soft_phone/pkg/sip/dialog/key.go:153.2,153.23 1 0
github.com/arzzra/soft_phone/pkg/sip/dialog/key.go:157.32,159.2 1 1
github.com/arzzra/soft_phone/pkg/sip/dialog/key.go:167.38,169.2 1 0
github.com/arzzra/soft_phone/pkg/sip/dialog/refer.go:16.85,21.37 3 0
github.com/arzzra/soft_phone/pkg/sip/dialog/refer.go:21.37,23.3 1 0
github.com/arzzra/soft_phone/pkg/sip/dialog/refer.go:26.2,26.51 1 0
github.com/arzzra/soft_phone/pkg/sip/dialog/refer.go:26.51,28.3 1 0
github.com/arzzra/soft_phone/pkg/sip/dialog/refer.go:31.2,38.21 4 0
github.com/arzzra/soft_phone/pkg/sip/dialog/refer.go:38.21,40.3 1 0
github.com/arzzra/soft_phone/pkg/sip/dialog/refer.go:40.8,40.33 1 0
github.com/arzzra/soft_phone/pkg/sip/dialog/refer.go:40.33,42.3 1 0
github.com/arzzra/soft_phone/pkg/sip/dialog/refer.go:45.2,45.40 1 0
github.com/arzzra/soft_phone/pkg/sip/dialog/refer.go:45.40,47.3 1 0
github.com/arzzra/soft_phone/pkg/sip/dialog/refer.go:50.2,51.16 2 0
github.com/arzzra/soft_phone/pkg/sip/dialog/refer.go:51.16,53.3 1 0
github.com/arzzra/soft_phone/pkg/sip/dialog/refer.go:56.2,59.46 2 0
github.com/arzzra/soft_phone/pkg/sip/dialog/refer.go:59.46,62.3 2 0
github.com/arzzra/soft_phone/pkg/sip/dialog/refer.go:64.2,64.12 1 0
github.com/arzzra/soft_phone/pkg/sip/dialog/refer.go:71.97,72.26 1 0
github.com/arzzra/soft_phone/pkg/sip/dialog/refer.go:72.26,74.3 1 0
github.com/arzzra/soft_phone/pkg/sip/dialog/refer.go:77.2,87.25 3 0
github.com/arzzra/soft_phone/pkg/sip/dialog/refer.go:87.25,89.3 1 0
github.com/arzzra/soft_phone/pkg/sip/dialog/refer.go:90.2,97.38 3 0
github.com/arzzra/soft_phone/pkg/sip/dialog/refer.go:104.77,109.15 4 0
github.com/arzzra/soft_phone/pkg/sip/dialog/refer.go:109.15,111.3 1 0
github.com/arzzra/soft_phone/pkg/sip/dialog/refer.go:114.2,114.9 1 0
github.com/arzzra/soft_phone/pkg/sip/dialog/refer.go:115.20,116.24 1 0
github.com/arzzra/soft_phone/pkg/sip/dialog/refer.go:118.29,121.18 2 0
github.com/arzzra/soft_phone/pkg/sip/dialog/refer.go:121.18,123.4 1 0
github.com/arzzra/soft_phone/pkg/sip/dialog/refer.go:125.3,128.44 2 0
github.com/arzzra/soft_phone/pkg/sip/dialog/refer.go:128.44,130.4 1 0
github.com/arzzra/soft_phone/pkg/sip/dialog/refer.go:133.3,142.27 6 0
github.com/arzzra/soft_phone/pkg/sip/dialog/refer.go:147.81,153.17 3 0
github.com/arzzra/soft_phone/pkg/sip/dialog/refer.go:153.17,155.3 1 0
github.com/arzzra/soft_phone/pkg/sip/dialog/refer.go:157.2,163.3 1 0
github.com/arzzra/soft_phone/pkg/sip/dialog/refer.go:167.69,175.9 3 0
github.com/arzzra/soft_phone/pkg/sip/dialog/refer.go:176.22,178.27 2 0
github.com/arzzra/soft_phone/pkg/sip/dialog/refer.go:180.17,182.27 2 0
github.com/arzzra/soft_phone/pkg/sip/dialog/refer.go:187.60,188.33 1 0
github.com/arzzra/soft_phone/pkg/sip/dialog/refer.go:188.33,190.3 1 0
github.com/arzzra/soft_phone/pkg/sip/dialog/refer.go:193.2,194.54 2 0
github.com/arzzra/soft_phone/pkg/sip/dialog/refer.go:194.54,196.3 1 0
github.com/arzzra/soft_phone/pkg/sip/dialog/refer.go:199.2,200.20 2 0
github.com/arzzra/soft_phone/pkg/sip/dialog/refer.go:200.20,202.3 1 0
github.com/arzzra/soft_phone/pkg/sip/dialog/refer.go:207.2,209.43 3 0
github.com/arzzra/soft_phone/pkg/sip/dialog/refer.go:209.43,210.28 1 0
github.com/arzzra/soft_phone/pkg/sip/dialog/refer.go:210.28,212.9 2 0
github.com/arzzra/soft_phone/pkg/sip/dialog/refer.go:215.2,217.25 2 0
github.com/arzzra/soft_phone/pkg/sip/dialog/refer.go:217.25,219.3 1 0
github.com/arzzra/soft_phone/pkg/sip/dialog/refer.go:222.2,225.40 2 0
github.com/arzzra/soft_phone/pkg/sip/dialog/refer.go:225.40,227.39 2 0
github.com/arzzra/soft_phone/pkg/sip/dialog/refer.go:227.39,229.4 1 0
github.com/arzzra/soft_phone/pkg/sip/dialog/refer.go:233.2,233.40 1 0
github.com/arzzra/soft_phone/pkg/sip/dialog/refer.go:233.40,239.3 4 0
github.com/arzzra/soft_phone/pkg/sip/dialog/refer.go:244.2,244.12 1 0
github.com/arzzra/soft_phone/pkg/sip/dialog/refer.go:248.40,250.2 1 0
github.com/arzzra/soft_phone/pkg/sip/dialog/refer.go:253.51,257.28 1 0
github.com/arzzra/soft_phone/pkg/sip/dialog/refer.go:257.28,258.29 1 0
github.com/arzzra/soft_phone/pkg/sip/dialog/refer.go:258.29,260.4 1 0
github.com/arzzra/soft_phone/pkg/sip/dialog/refer.go:262.2,262.15 1 0
github.com/arzzra/soft_phone/pkg/sip/dialog/refer.go:266.42,275.45 4 0
github.com/arzzra/soft_phone/pkg/sip/dialog/refer.go:275.45,276.37 1 0
github.com/arzzra/soft_phone/pkg/sip/dialog/refer.go:276.37,278.9 2 0
github.com/arzzra/soft_phone/pkg/sip/dialog/refer.go:282.2,282.14 1 0
github.com/arzzra/soft_phone/pkg/sip/dialog/refer.go:282.14,284.3 1 0
github.com/arzzra/soft_phone/pkg/sip/dialog/refer.go:287.2,288.59 2 0
github.com/arzzra/soft_phone/pkg/sip/dialog/refer.go:288.59,291.3 2 0
github.com/arzzra/soft_phone/pkg/sip/dialog/refer.go:293.2,293.13 1 0
github.com/arzzra/soft_phone/pkg/sip/dialog/refer.go:297.63,302.43 4 0
github.com/arzzra/soft_phone/pkg/sip/dialog/refer.go:302.43,304.3 1 0
github.com/arzzra/soft_phone/pkg/sip/dialog/refer.go:306.2,306.13 1 0
github.com/arzzra/soft_phone/pkg/sip/dialog/refer.go:310.38,314.22 3 0
github.com/arzzra/soft_phone/pkg/sip/dialog/refer.go:314.22,316.3 1 0
github.com/arzzra/soft_phone/pkg/sip/dialog/refer.go:318.2,318.30 1 0
github.com/arzzra/soft_phone/pkg/sip/dialog/refer.go:318.30,320.3 1 0
github.com/arzzra/soft_phone/pkg/sip/dialog/refer.go:323.2,323.43 1 0
github.com/arzzra/soft_phone/pkg/sip/dialog/refer.go:323.43,325.3 1 0
github.com/arzzra/soft_phone/pkg/sip/dialog/refer.go:327.2,328.12 2 0
github.com/arzzra/soft_phone/pkg/sip/dialog/sequence.go:30.75,36.2 1 1
github.com/arzzra/soft_phone/pkg/sip/dialog/sequence.go:41.51,47.2 4 0
github.com/arzzra/soft_phone/pkg/sip/dialog/sequence.go:50.50,55.2 3 0
github.com/arzzra/soft_phone/pkg/sip/dialog/sequence.go:64.80,69.24 3 0
github.com/arzzra/soft_phone/pkg/sip/dialog/sequence.go:69.24,72.3 2 0
github.com/arzzra/soft_phone/pkg/sip/dialog/sequence.go:75.2,75.21 1 0
github.com/arzzra/soft_phone/pkg/sip/dialog/sequence.go:75.21,77.3 1 0
github.com/arzzra/soft_phone/pkg/sip/dialog/sequence.go:80.2,80.27 1 0
github.com/arzzra/soft_phone/pkg/sip/dialog/sequence.go:80.27,82.3 1 0
github.com/arzzra/soft_phone/pkg/sip/dialog/sequence.go:85.2,85.26 1 0
github.com/arzzra/soft_phone/pkg/sip/dialog/sequence.go:85.26,88.3 2 0
github.com/arzzra/soft_phone/pkg/sip/dialog/sequence.go:90.2,90.14 1 0
github.com/arzzra/soft_phone/pkg/sip/dialog/sequence.go:94.70,98.24 3 1
github.com/arzzra/soft_phone/pkg/sip/dialog/sequence.go:98.24,101.3 2 1
github.com/arzzra/soft_phone/pkg/sip/dialog/sequence.go:105.51,110.2 3 0
github.com/arzzra/soft_phone/pkg/sip/dialog/sequence.go:115.59,118.32 2 1
github.com/arzzra/soft_phone/pkg/sip/dialog/sequence.go:118.32,119.30 1 1
github.com/arzzra/soft_phone/pkg/sip/dialog/sequence.go:119.30,121.9 2 1
github.com/arzzra/soft_phone/pkg/sip/dialog/sequence.go:125.2,125.20 1 1
github.com/arzzra/soft_phone/pkg/sip/dialog/sequence.go:125.20,127.3 1 0
github.com/arzzra/soft_phone/pkg/sip/dialog/sequence.go:130.2,132.16 3 1
github.com/arzzra/soft_phone/pkg/sip/dialog/sequence.go:132.16,134.3 1 0
github.com/arzzra/soft_phone/pkg/sip/dialog/sequence.go:137.2,138.107 2 1
github.com/arzzra/soft_phone/pkg/sip/dialog/sequence.go:138.107,140.3 1 0
github.com/arzzra/soft_phone/pkg/sip/dialog/sequence.go:142.2,142.36 1 1
github.com/arzzra/soft_phone/pkg/sip/dialog/sequence.go:142.36,144.3 1 0
github.com/arzzra/soft_phone/pkg/sip/dialog/sequence.go:146.2,150.83 3 1
github.com/arzzra/soft_phone/pkg/sip/dialog/sequence.go:150.83,152.3 1 0
github.com/arzzra/soft_phone/pkg/sip/dialog/sequence.go:153.2,155.33 2 1
github.com/arzzra/soft_phone/pkg/sip/dialog/sequence.go:159.52,161.2 1 0
github.com/arzzra/soft_phone/pkg/sip/dialog/sequence.go:166.35,170.2 1 1
github.com/arzzra/soft_phone/pkg/sip/dialog/state_machine.go:26.60,44.2 3 1
github.com/arzzra/soft_phone/pkg/sip/dialog/state_machine.go:47.55,51.2 3 1
github.com/arzzra/soft_phone/pkg/sip/dialog/state_machine.go:54.74,58.2 3 1
github.com/arzzra/soft_phone/pkg/sip/dialog/state_machine.go:61.73,66.48 3 1
github.com/arzzra/soft_phone/pkg/sip/dialog/state_machine.go:66.48,69.3 2 0
github.com/arzzra/soft_phone/pkg/sip/dialog/state_machine.go:71.2,76.31 4 1
github.com/arzzra/soft_phone/pkg/sip/dialog/state_machine.go:76.31,78.3 1 1
github.com/arzzra/soft_phone/pkg/sip/dialog/state_machine.go:80.2,80.12 1 1
github.com/arzzra/soft_phone/pkg/sip/dialog/state_machine.go:84.84,88.26 3 0
github.com/arzzra/soft_phone/pkg/sip/dialog/state_machine.go:89.23,90.25 1 0
github.com/arzzra/soft_phone/pkg/sip/dialog/state_machine.go:90.25,96.33 4 0
github.com/arzzra/soft_phone/pkg/sip/dialog/state_machine.go:96.33,98.5 1 0
github.com/arzzra/soft_phone/pkg/sip/dialog/state_machine.go:99.4,100.14 2 0
github.com/arzzra/soft_phone/pkg/sip/dialog/state_machine.go:103.45,104.25 1 0
github.com/arzzra/soft_phone/pkg/sip/dialog/state_machine.go:104.25,109.33 4 0
github.com/arzzra/soft_phone/pkg/sip/dialog/state_machine.go:109.33,111.5 1 0
github.com/arzzra/soft_phone/pkg/sip/dialog/state_machine.go:112.4,113.14 2 0
github.com/arzzra/soft_phone/pkg/sip/dialog/state_machine.go:116.30,117.22 1 0
github.com/arzzra/soft_phone/pkg/sip/dialog/state_machine.go:117.22,122.33 4 0
github.com/arzzra/soft_phone/pkg/sip/dialog/state_machine.go:122.33,124.5 1 0
github.com/arzzra/soft_phone/pkg/sip/dialog/state_machine.go:125.4,126.14 2 0
github.com/arzzra/soft_phone/pkg/sip/dialog/state_machine.go:131.2,131.52 1 0
github.com/arzzra/soft_phone/pkg/sip/dialog/state_machine.go:131.52,133.3 1 0
github.com/arzzra/soft_phone/pkg/sip/dialog/state_machine.go:135.2,135.12 1 0
github.com/arzzra/soft_phone/pkg/sip/dialog/state_machine.go:139.85,143.26 3 1
github.com/arzzra/soft_phone/pkg/sip/dialog/state_machine.go:144.25,145.25 1 1
github.com/arzzra/soft_phone/pkg/sip/dialog/state_machine.go:145.25,146.45 1 1
github.com/arzzra/soft_phone/pkg/sip/dialog/state_machine.go:146.45,147.47 1 0
github.com/arzzra/soft_phone/pkg/sip/dialog/state_machine.go:147.47,152.35 4 0
github.com/arzzra/soft_phone/pkg/sip/dialog/state_machine.go:152.35,154.7 1 0
github.com/arzzra/soft_phone/pkg/sip/dialog/state_machine.go:155.6,156.16 2 0
github.com/arzzra/soft_phone/pkg/sip/dialog/state_machine.go:158.10,158.52 1 1
github.com/arzzra/soft_phone/pkg/sip/dialog/state_machine.go:158.52,164.34 4 1
github.com/arzzra/soft_phone/pkg/sip/dialog/state_machine.go:164.34,166.6 1 1
github.com/arzzra/soft_phone/pkg/sip/dialog/state_machine.go:167.5,168.15 2 0
github.com/arzzra/soft_phone/pkg/sip/dialog/state_machine.go:169.10,169.32 1 0
github.com/arzzra/soft_phone/pkg/sip/dialog/state_machine.go:169.32,175.34 4 0
github.com/arzzra/soft_phone/pkg/sip/dialog/state_machine.go:175.34,177.6 1 0
github.com/arzzra/soft_phone/pkg/sip/dialog/state_machine.go:178.5,179.15 2 0
github.com/arzzra/soft_phone/pkg/sip/dialog/state_machine.go:183.26,184.66 1 0
github.com/arzzra/soft_phone/pkg/sip/dialog/state_machine.go:184.66,189.33 4 0
github.com/arzzra/soft_phone/pkg/sip/dialog/state_machine.go:189.33,191.5 1 0
github.com/arzzra/soft_phone/pkg/sip/dialog/state_machine.go:192.4,193.14 2 0
github.com/arzzra/soft_phone/pkg/sip/dialog/state_machine.go:196.30,197.63 1 0
github.com/arzzra/soft_phone/pkg/sip/dialog/state_machine.go:197.63,202.33 4 0
github.com/arzzra/soft_phone/pkg/sip/dialog/state_machine.go:202.33,204.5 1 0
github.com/arzzra/soft_phone/pkg/sip/dialog/state_machine.go:205.4,206.14 2 0
github.com/arzzra/soft_phone/pkg/sip/dialog/state_machine.go:210.2,210.12 1 0
github.com/arzzra/soft_phone/pkg/sip/dialog/state_machine.go:214.53,218.2 3 0
github.com/arzzra/soft_phone/pkg/sip/dialog/state_machine.go:221.52,225.2 3 0
github.com/arzzra/soft_phone/pkg/sip/dialog/state_machine.go:228.67,233.24 3 0
github.com/arzzra/soft_phone/pkg/sip/dialog/state_machine.go:233.24,235.3 1 0
github.com/arzzra/soft_phone/pkg/sip/dialog/state_machine.go:238.2,238.21 1 0
github.com/arzzra/soft_phone/pkg/sip/dialog/state_machine.go:238.21,240.3 1 0
github.com/arzzra/soft_phone/pkg/sip/dialog/state_machine.go:242.2,242.54 1 0
github.com/arzzra/soft_phone/pkg/sip/dialog/state_machine.go:246.77,257.9 3 1
github.com/arzzra/soft_phone/pkg/sip/dialog/state_machine.go:257.9,259.3 1 0
github.com/arzzra/soft_phone/pkg/sip/dialog/state_machine.go:261.2,261.32 1 1
github.com/arzzra/soft_phone/pkg/sip/dialog/state_machine.go:261.32,262.18 1 1
github.com/arzzra/soft_phone/pkg/sip/dialog/state_machine.go:262.18,264.4 1 1
github.com/arzzra/soft_phone/pkg/sip/dialog/state_machine.go:267.2,267.14 1 0
github.com/arzzra/soft_phone/pkg/sip/dialog/state_machine.go:271.87,273.9 2 0
github.com/arzzra/soft_phone/pkg/sip/dialog/state_machine.go:273.9,275.3 1 0
github.com/arzzra/soft_phone/pkg/sip/dialog/state_machine.go:277.2,277.28 1 0
github.com/arzzra/soft_phone/pkg/sip/dialog/state_machine.go:277.28,278.18 1 0
github.com/arzzra/soft_phone/pkg/sip/dialog/state_machine.go:278.18,280.4 1 0
github.com/arzzra/soft_phone/pkg/sip/dialog/state_machine.go:284.2,284.21 1 0
github.com/arzzra/soft_phone/pkg/sip/dialog/state_machine.go:284.21,286.3 1 0
github.com/arzzra/soft_phone/pkg/sip/dialog/state_machine.go:288.2,288.14 1 0
github.com/arzzra/soft_phone/pkg/sip/dialog/state_machine.go:292.40,298.2 3 0
github.com/arzzra/soft_phone/pkg/sip/dialog/target.go:24.75,30.2 1 1
github.com/arzzra/soft_phone/pkg/sip/dialog/target.go:33.51,37.2 3 0
github.com/arzzra/soft_phone/pkg/sip/dialog/target.go:40.52,47.2 5 0
github.com/arzzra/soft_phone/pkg/sip/dialog/target.go:55.86,56.24 1 0
github.com/arzzra/soft_phone/pkg/sip/dialog/target.go:56.24,58.3 1 0
github.com/arzzra/soft_phone/pkg/sip/dialog/target.go:60.2,65.9 3 0
github.com/arzzra/soft_phone/pkg/sip/dialog/target.go:66.45,68.47 1 0
github.com/arzzra/soft_phone/pkg/sip/dialog/target.go:68.47,70.4 1 0
github.com/arzzra/soft_phone/pkg/sip/dialog/target.go:71.44,73.22 1 0
github.com/arzzra/soft_phone/pkg/sip/dialog/target.go:74.45,76.22 1 0
github.com/arzzra/soft_phone/pkg/sip/dialog/target.go:79.2,79.18 1 0
github.com/arzzra/soft_phone/pkg/sip/dialog/target.go:79.18,81.20 2 0
github.com/arzzra/soft_phone/pkg/sip/dialog/target.go:81.20,83.18 2 0
github.com/arzzra/soft_phone/pkg/sip/dialog/target.go:83.18,85.5 1 0
github.com/arzzra/soft_phone/pkg/sip/dialog/target.go:87.4,89.18 3 0
github.com/arzzra/soft_phone/pkg/sip/dialog/target.go:94.2,94.65 1 0
github.com/arzzra/soft_phone/pkg/sip/dialog/target.go:94.65,96.3 1 0
github.com/arzzra/soft_phone/pkg/sip/dialog/target.go:98.2,98.12 1 0
github.com/arzzra/soft_phone/pkg/sip/dialog/target.go:105.69,106.22 1 0
github.com/arzzra/soft_phone/pkg/sip/dialog/target.go:106.22,108.3 1 0
github.com/arzzra/soft_phone/pkg/sip/dialog/target.go:110.2,113.46 2 0
github.com/arzzra/soft_phone/pkg/sip/dialog/target.go:113.46,115.20 2 0
github.com/arzzra/soft_phone/pkg/sip/dialog/target.go:115.20,117.18 2 0
github.com/arzzra/soft_phone/pkg/sip/dialog/target.go:117.18,119.5 1 0
github.com/arzzra/soft_phone/pkg/sip/dialog/target.go:121.4,123.18 3 0
github.com/arzzra/soft_phone/pkg/sip/dialog/target.go:127.2,127.12 1 0
github.com/arzzra/soft_phone/pkg/sip/dialog/target.go:131.60,133.28 2 0
github.com/arzzra/soft_phone/pkg/sip/dialog/target.go:133.28,135.3 1 0
github.com/arzzra/soft_phone/pkg/sip/dialog/target.go:137.2,140.34 2 0
github.com/arzzra/soft_phone/pkg/sip/dialog/target.go:140.34,144.3 2 0
github.com/arzzra/soft_phone/pkg/sip/dialog/target.go:146.2,150.14 3 0
github.com/arzzra/soft_phone/pkg/sip/dialog/target.go:150.14,153.3 1 0
github.com/arzzra/soft_phone/pkg/sip/dialog/target.go:153.8,156.3 1 0
github.com/arzzra/soft_phone/pkg/sip/dialog/target.go:160.55,164.27 3 0
github.com/arzzra/soft_phone/pkg/sip/dialog/target.go:164.27,166.3 1 0
github.com/arzzra/soft_phone/pkg/sip/dialog/target.go:168.2,169.34 2 0
github.com/arzzra/soft_phone/pkg/sip/dialog/target.go:169.34,171.3 1 0
github.com/arzzra/soft_phone/pkg/sip/dialog/target.go:173.2,173.15 1 0
github.com/arzzra/soft_phone/pkg/sip/dialog/target.go:179.57,184.29 3 0
github.com/arzzra/soft_phone/pkg/sip/dialog/target.go:184.29,185.16 1 0
github.com/arzzra/soft_phone/pkg/sip/dialog/target.go:185.16,187.4 1 0
github.com/arzzra/soft_phone/pkg/sip/dialog/target.go:187.9,187.38 1 0
github.com/arzzra/soft_phone/pkg/sip/dialog/target.go:187.38,189.9 2 0
github.com/arzzra/soft_phone/pkg/sip/dialog/target.go:193.2,194.30 2 0
github.com/arzzra/soft_phone/pkg/sip/dialog/target.go:194.30,197.3 1 0
github.com/arzzra/soft_phone/pkg/sip/dialog/target.go:197.8,199.30 1 0
github.com/arzzra/soft_phone/pkg/sip/dialog/target.go:199.30,200.30 1 0
github.com/arzzra/soft_phone/pkg/sip/dialog/target.go:200.30,202.10 2 0
github.com/arzzra/soft_phone/pkg/sip/dialog/target.go:205.3,205.19 1 0
github.com/arzzra/soft_phone/pkg/sip/dialog/target.go:205.19,207.4 1 0
github.com/arzzra/soft_phone/pkg/sip/dialog/target.go:211.2,212.16 2 0
github.com/arzzra/soft_phone/pkg/sip/dialog/target.go:212.16,214.3 1 0
github.com/arzzra/soft_phone/pkg/sip/dialog/target.go:216.2,216.17 1 0
github.com/arzzra/soft_phone/pkg/sip/dialog/target.go:222.59,229.29 3 0
github.com/arzzra/soft_phone/pkg/sip/dialog/target.go:229.29,231.17 2 0
github.com/arzzra/soft_phone/pkg/sip/dialog/target.go:231.17,233.4 1 0
github.com/arzzra/soft_phone/pkg/sip/dialog/target.go:236.2,236.13 1 0
github.com/arzzra/soft_phone/pkg/sip/dialog/target.go:240.38,245.30 4 0
github.com/arzzra/soft_phone/pkg/sip/dialog/target.go:245.30,248.16 2 0
github.com/arzzra/soft_phone/pkg/sip/dialog/target.go:248.16,250.4 1 0
github.com/arzzra/soft_phone/pkg/sip/dialog/target.go:250.9,250.23 1 0
github.com/arzzra/soft_phone/pkg/sip/dialog/target.go:250.23,252.4 1 0
github.com/arzzra/soft_phone/pkg/sip/dialog/target.go:252.9,252.38 1 0
github.com/arzzra/soft_phone/pkg/sip/dialog/target.go:252.38,253.24 1 0
github.com/arzzra/soft_phone/pkg/sip/dialog/target.go:253.24,256.5 2 0
github.com/arzzra/soft_phone/pkg/sip/dialog/target.go:257.4,257.12 1 0
github.com/arzzra/soft_phone/pkg/sip/dialog/target.go:260.3,260.32 1 0
github.com/arzzra/soft_phone/pkg/sip/dialog/target.go:263.2,263.22 1 0
github.com/arzzra/soft_phone/pkg/sip/dialog/target.go:263.22,265.3 1 0
github.com/arzzra/soft_phone/pkg/sip/dialog/target.go:267.2,267.14 1 0
github.com/arzzra/soft_phone/pkg/sip/dialog/target.go:271.46,273.2 1 0
github.com/arzzra/soft_phone/pkg/sip/dialog/target.go:276.48,278.27 2 0
github.com/arzzra/soft_phone/pkg/sip/dialog/target.go:278.27,280.3 1 0
github.com/arzzra/soft_phone/pkg/sip/dialog/target.go:281.2,281.15 1 0
github.com/arzzra/soft_phone/pkg/sip/dialog/target.go:285.45,289.2 3 0
github.com/arzzra/soft_phone/pkg/sip/dialog/target.go:292.42,296.2 3 0
github.com/arzzra/soft_phone/pkg/sip/dialog/types.go:34.38,35.11 1 0
github.com/arzzra/soft_phone/pkg/sip/dialog/types.go:36.23,37.16 1 0
github.com/arzzra/soft_phone/pkg/sip/dialog/types.go:38.25,39.18 1 0
github.com/arzzra/soft_phone/pkg/sip/dialog/types.go:40.26,41.19 1 0
github.com/arzzra/soft_phone/pkg/sip/dialog/types.go:42.30,43.23 1 0
github.com/arzzra/soft_phone/pkg/sip/dialog/types.go:44.30,45.23 1 0
github.com/arzzra/soft_phone/pkg/sip/dialog/types.go:46.29,47.22 1 0
github.com/arzzra/soft_phone/pkg/sip/dialog/types.go:48.10,49.19 1 0
github.com/arzzra/soft_phone/pkg/sip/dialog/types.go:79.58,84.2 1 0
github.com/arzzra/soft_phone/pkg/sip/dialog/types.go:87.43,89.2 1 0
github.com/arzzra/soft_phone/pkg/sip/dialog/types.go:92.36,94.2 1 0
